#-----------------------------------------------------------
# Vivado v2020.2 (64-bit)
# SW Build 3064766 on Wed Nov 18 09:12:45 MST 2020
# IP Build 3064653 on Wed Nov 18 14:17:31 MST 2020
# Start of session at: Thu Jan 12 19:51:25 2023
# Process ID: 6732
# Current directory: G:/BaiduNetdiskDownload/K7325_676_hdmi_inout/RJ45_A_rgmii_1G
# Command line: vivado.exe -gui_launcher_event rodinguilauncherevent4568 G:\BaiduNetdiskDownload\K7325_676_hdmi_inout\RJ45_A_rgmii_1G\golden_rgmii_1gb.xpr
# Log file: G:/BaiduNetdiskDownload/K7325_676_hdmi_inout/RJ45_A_rgmii_1G/vivado.log
# Journal file: G:/BaiduNetdiskDownload/K7325_676_hdmi_inout/RJ45_A_rgmii_1G\vivado.jou
#-----------------------------------------------------------
start_gui
open_project G:/BaiduNetdiskDownload/K7325_676_hdmi_inout/RJ45_A_rgmii_1G/golden_rgmii_1gb.xpr
INFO: [Project 1-313] Project file moved from 'E:/golden_pl_prj/325/golden_rgmii_1gb' since last save.
Scanning sources...
Finished scanning sources
INFO: [IP_Flow 19-234] Refreshing IP repositories
INFO: [IP_Flow 19-1704] No user IP repositories specified
INFO: [IP_Flow 19-2313] Loaded Vivado IP repository 'D:/vivado/Vivado/2020.2/data/ip'.
open_project: Time (s): cpu = 00:00:31 ; elapsed = 00:00:13 . Memory (MB): peak = 1120.207 ; gain = 0.000
update_compile_order -fileset sources_1
copy_run -name synth_1_copy_1 [get_runs synth_1] 
synth_1_copy_1
set_property part xc7k325tffg676-2 [current_project]
WARNING: [IP_Flow 19-2162] IP 'ram' is locked:
* Current project part 'xc7k325tffg676-2' and the part 'xc7k325tffg900-2' used to customize the IP 'ram' do not match.
reset_run synth_1
reset_run ram_synth_1
launch_runs impl_1_copy_1 -to_step write_bitstream -jobs 16
WARNING: [Project 1-577] IP run ram_synth_1 is available but is out of date. Since the IP is locked, the synthesis checkpoint cannot be updated. The out-of-date checkpoint will be used and it may result in incorrect behavior.
Please select 'Report IP Status' from the 'Tools/Report' menu or run the Tcl command 'report_ip_status' for more information.
WARNING: [Runs 36-337] The following IPs are either missing output products or output products are not up-to-date for Synthesis target. Since these IPs are locked, no update to the output products can be done. 
Please select 'Report IP Status' from the 'Tools/Report' menu or run Tcl command 'report_ip_status' for more information.
G:/BaiduNetdiskDownload/K7325_676_hdmi_inout/RJ45_A_rgmii_1G/golden_rgmii_1gb.srcs/ram/ram.xci

WARNING: [Project 1-576] IP 'G:/BaiduNetdiskDownload/K7325_676_hdmi_inout/RJ45_A_rgmii_1G/golden_rgmii_1gb.srcs/ram/ram.xci' in run ram_synth_1 is locked, no out-of-context (OOC) run will be launched. The run may not be able to complete.
Please select 'Report IP Status' from 'Tools/Report' or run the Tcl command 'report_ip_status' for more information.
[Thu Jan 12 19:58:14 2023] Launched ram_synth_1, synth_1...
Run output will be captured here:
ram_synth_1: G:/BaiduNetdiskDownload/K7325_676_hdmi_inout/RJ45_A_rgmii_1G/golden_rgmii_1gb.runs/ram_synth_1/runme.log
synth_1: G:/BaiduNetdiskDownload/K7325_676_hdmi_inout/RJ45_A_rgmii_1G/golden_rgmii_1gb.runs/synth_1/runme.log
[Thu Jan 12 19:58:14 2023] Launched impl_1_copy_1...
Run output will be captured here: G:/BaiduNetdiskDownload/K7325_676_hdmi_inout/RJ45_A_rgmii_1G/golden_rgmii_1gb.runs/impl_1_copy_1/runme.log
open_hw_manager
connect_hw_server -allow_non_jtag
INFO: [Labtools 27-2285] Connecting to hw_server url TCP:localhost:3121
INFO: [Labtools 27-2222] Launching hw_server...
INFO: [Labtools 27-2221] Launch Output:

****** Xilinx hw_server v2020.2
  **** Build date : Nov 18 2020 at 10:01:48
    ** Copyright 1986-2020 Xilinx, Inc. All Rights Reserved.


INFO: [Labtools 27-3415] Connecting to cs_server url TCP:localhost:3042
INFO: [Labtools 27-3417] Launching cs_server...
INFO: [Labtools 27-2221] Launch Output:


******** Xilinx cs_server v2020.2
  ****** Build date   : Nov 04 2020-05:02:56
    **** Build number : 2020.2.1604437376
      ** Copyright 2017-2020 Xilinx, Inc. All Rights Reserved.



connect_hw_server: Time (s): cpu = 00:00:09 ; elapsed = 00:00:42 . Memory (MB): peak = 1132.512 ; gain = 12.305
open_hw_target
INFO: [Labtoolstcl 44-466] Opening hw_target localhost:3121/xilinx_tcf/Xilinx/DebugChannelA
open_hw_target: Time (s): cpu = 00:00:09 ; elapsed = 00:00:09 . Memory (MB): peak = 2663.086 ; gain = 1530.574
set_property PROGRAM.FILE {G:/BaiduNetdiskDownload/K7325_676_hdmi_inout/RJ45_A_rgmii_1G/golden_rgmii_1gb.runs/impl_1_copy_1/golden_rgmii_1gb.bit} [get_hw_devices xc7k325t_0]
current_hw_device [get_hw_devices xc7k325t_0]
refresh_hw_device -update_hw_probes false [lindex [get_hw_devices xc7k325t_0] 0]
INFO: [Labtools 27-1434] Device xc7k325t (JTAG device index = 0) is programmed with a design that has no supported debug core(s) in it.
set_property PROBES.FILE {} [get_hw_devices xc7k325t_0]
set_property FULL_PROBES.FILE {} [get_hw_devices xc7k325t_0]
set_property PROGRAM.FILE {G:/BaiduNetdiskDownload/K7325_676_hdmi_inout/RJ45_A_rgmii_1G/golden_rgmii_1gb.runs/impl_1_copy_1/golden_rgmii_1gb.bit} [get_hw_devices xc7k325t_0]
program_hw_devices [get_hw_devices xc7k325t_0]
INFO: [Labtools 27-3164] End of startup status: HIGH
refresh_hw_device [lindex [get_hw_devices xc7k325t_0] 0]
INFO: [Labtools 27-1434] Device xc7k325t (JTAG device index = 0) is programmed with a design that has no supported debug core(s) in it.
exit
INFO: [Common 17-206] Exiting Vivado at Thu Jan 12 20:06:33 2023...
