#-----------------------------------------------------------
# Vivado v2019.1 (64-bit)
# SW Build 2552052 on Fri May 24 14:49:42 MDT 2019
# IP Build 2548770 on Fri May 24 18:01:18 MDT 2019
# Start of session at: Tue Apr  4 18:54:46 2023
# Process ID: 7112
# Current directory: D:/BaiduNetdiskDownload/K7325_676_hdmi_inout/GTX_125M_1G_IBERT/ibert_7series_gtx_0_ex
# Command line: vivado.exe -gui_launcher_event rodinguilauncherevent4832 D:\BaiduNetdiskDownload\K7325_676_hdmi_inout\GTX_125M_1G_IBERT\ibert_7series_gtx_0_ex\ibert_7series_gtx_0_ex.xpr
# Log file: D:/BaiduNetdiskDownload/K7325_676_hdmi_inout/GTX_125M_1G_IBERT/ibert_7series_gtx_0_ex/vivado.log
# Journal file: D:/BaiduNetdiskDownload/K7325_676_hdmi_inout/GTX_125M_1G_IBERT/ibert_7series_gtx_0_ex\vivado.jou
#-----------------------------------------------------------
start_gui
open_project D:/BaiduNetdiskDownload/K7325_676_hdmi_inout/GTX_125M_1G_IBERT/ibert_7series_gtx_0_ex/ibert_7series_gtx_0_ex.xpr
INFO: [ProjectBase 1-489] The host OS only allows 260 characters in a normal path. The project is stored in a path with more than 80 characters. If you experience issues with IP, Block Designs, or files not being found, please consider moving the project to a location with a shorter path. Alternately consider using the OS subst command to map part of the path to a drive letter.
Current project path is 'D:/BaiduNetdiskDownload/K7325_676_hdmi_inout/GTX_125M_1G_IBERT/ibert_7series_gtx_0_ex'
Scanning sources...
Finished scanning sources
INFO: [IP_Flow 19-234] Refreshing IP repositories
INFO: [IP_Flow 19-1704] No user IP repositories specified
INFO: [IP_Flow 19-2313] Loaded Vivado IP repository 'D:/vivado2019/Vivado/2019.1/data/ip'.
open_project: Time (s): cpu = 00:00:27 ; elapsed = 00:00:11 . Memory (MB): peak = 838.820 ; gain = 98.070
update_compile_order -fileset sources_1
launch_runs impl_1 -to_step write_bitstream -jobs 16
[Tue Apr  4 18:55:45 2023] Launched synth_1...
Run output will be captured here: D:/BaiduNetdiskDownload/K7325_676_hdmi_inout/GTX_125M_1G_IBERT/ibert_7series_gtx_0_ex/ibert_7series_gtx_0_ex.runs/synth_1/runme.log
[Tue Apr  4 18:55:45 2023] Launched impl_1...
Run output will be captured here: D:/BaiduNetdiskDownload/K7325_676_hdmi_inout/GTX_125M_1G_IBERT/ibert_7series_gtx_0_ex/ibert_7series_gtx_0_ex.runs/impl_1/runme.log
open_hw
connect_hw_server
INFO: [Labtools 27-2285] Connecting to hw_server url TCP:localhost:3121
INFO: [Labtools 27-2222] Launching hw_server...
INFO: [Labtools 27-2221] Launch Output:

****** Xilinx hw_server v2019.1
  **** Build date : May 24 2019 at 15:13:31
    ** Copyright 1986-2019 Xilinx, Inc. All Rights Reserved.

warning: cannot open library dpcomm.dll, first required symbol ftdimgr_lock, Digilent FTDI based JTAG cables cannot be supported
warning: cannot open library djtg.dll, first required symbol DjtgGetPortCount, select Digilent JTAG cables cannot be supported

connect_hw_server: Time (s): cpu = 00:00:02 ; elapsed = 00:00:10 . Memory (MB): peak = 880.566 ; gain = 0.000
open_hw_target
INFO: [Labtoolstcl 44-466] Opening hw_target localhost:3121/xilinx_tcf/Xilinx/DebugChannelA
open_hw_target: Time (s): cpu = 00:00:07 ; elapsed = 00:00:06 . Memory (MB): peak = 2018.836 ; gain = 1138.270
set_property PROGRAM.FILE {D:/BaiduNetdiskDownload/K7325_676_hdmi_inout/GTX_125M_1G_IBERT/ibert_7series_gtx_0_ex/ibert_7series_gtx_0_ex.runs/impl_1/example_ibert_7series_gtx_0.bit} [get_hw_devices xc7k325t_0]
current_hw_device [get_hw_devices xc7k325t_0]
refresh_hw_device -update_hw_probes false [lindex [get_hw_devices xc7k325t_0] 0]
INFO: [Labtools 27-1434] Device xc7k325t (JTAG device index = 0) is programmed with a design that has no supported debug core(s) in it.
set_property PROBES.FILE {} [get_hw_devices xc7k325t_0]
set_property FULL_PROBES.FILE {} [get_hw_devices xc7k325t_0]
set_property PROGRAM.FILE {D:/BaiduNetdiskDownload/K7325_676_hdmi_inout/GTX_125M_1G_IBERT/ibert_7series_gtx_0_ex/ibert_7series_gtx_0_ex.runs/impl_1/example_ibert_7series_gtx_0.bit} [get_hw_devices xc7k325t_0]
program_hw_devices [get_hw_devices xc7k325t_0]
INFO: [Labtools 27-3164] End of startup status: HIGH
program_hw_devices: Time (s): cpu = 00:00:07 ; elapsed = 00:00:07 . Memory (MB): peak = 2085.633 ; gain = 0.000
refresh_hw_device [lindex [get_hw_devices xc7k325t_0] 0]
INFO: [Labtools 27-2302] Device xc7k325t (JTAG device index = 0) is programmed with a design that has 1 IBERT core(s).
detect_hw_sio_links
INFO: [Labtools 27-2267] Found 2 links.
set_property TX_PATTERN {PRBS 31-bit} [get_hw_sio_links -of_objects [get_hw_sio_linkgroups {LINKGROUP_0}]]
commit_hw_sio [get_hw_sio_links -of_objects [get_hw_sio_linkgroups {LINKGROUP_0}]]
set_property RX_PATTERN {PRBS 31-bit} [get_hw_sio_links -of_objects [get_hw_sio_linkgroups {LINKGROUP_0}]]
commit_hw_sio [get_hw_sio_links -of_objects [get_hw_sio_linkgroups {LINKGROUP_0}]]
set_property LOGIC.MGT_ERRCNT_RESET_CTRL 1 [get_hw_sio_links -of_objects [get_hw_sio_linkgroups {LINKGROUP_0}]]
commit_hw_sio [get_hw_sio_links -of_objects [get_hw_sio_linkgroups {LINKGROUP_0}]]
set_property LOGIC.MGT_ERRCNT_RESET_CTRL 0 [get_hw_sio_links -of_objects [get_hw_sio_linkgroups {LINKGROUP_0}]]
commit_hw_sio [get_hw_sio_links -of_objects [get_hw_sio_linkgroups {LINKGROUP_0}]]
set xil_newScan [create_hw_sio_scan -description {Scan 0} 2d_full_eye  [lindex [get_hw_sio_links localhost:3121/xilinx_tcf/Xilinx/DebugChannelA/0_1_0/IBERT/Quad_115/MGT_X0Y3/TX->localhost:3121/xilinx_tcf/Xilinx/DebugChannelA/0_1_0/IBERT/Quad_115/MGT_X0Y2/RX] 0 ]]
run_hw_sio_scan [get_hw_sio_scans $xil_newScan]
set xil_newScan [create_hw_sio_scan -description {Scan 1} 2d_full_eye  [lindex [get_hw_sio_links localhost:3121/xilinx_tcf/Xilinx/DebugChannelA/0_1_0/IBERT/Quad_115/MGT_X0Y2/TX->localhost:3121/xilinx_tcf/Xilinx/DebugChannelA/0_1_0/IBERT/Quad_115/MGT_X0Y3/RX] 0 ]]
run_hw_sio_scan [get_hw_sio_scans $xil_newScan]
display_hw_sio_scan [get_hw_sio_scans {SCAN_1}]
display_hw_sio_scan [get_hw_sio_scans {SCAN_0}]
display_hw_sio_scan [get_hw_sio_scans {SCAN_1}]
ERROR: [Labtoolstcl 44-513] HW Target shutdown. Closing target: localhost:3121/xilinx_tcf/Xilinx/DebugChannelA
INFO: [Labtoolstcl 44-466] Opening hw_target localhost:3121/xilinx_tcf/Xilinx/DebugChannelA
INFO: [Labtools 27-1435] Device xc7k325t (JTAG device index = 0) is not programmed (DONE status = 0).
WARNING: [Labtoolstcl 44-129] No matching hw_ila_data was found.
set_property PROBES.FILE {} [get_hw_devices xc7k325t_0]
set_property FULL_PROBES.FILE {} [get_hw_devices xc7k325t_0]
set_property PROGRAM.FILE {D:/BaiduNetdiskDownload/K7325_676_hdmi_inout/sata_ibert/ETH_B/top.bit} [get_hw_devices xc7k325t_0]
program_hw_devices [get_hw_devices xc7k325t_0]
INFO: [Labtools 27-3164] End of startup status: HIGH
refresh_hw_device [lindex [get_hw_devices xc7k325t_0] 0]
INFO: [Labtools 27-2302] Device xc7k325t (JTAG device index = 0) is programmed with a design that has 3 ILA core(s).
INFO: [Labtools 27-2302] Device xc7k325t (JTAG device index = 0) is programmed with a design that has 1 VIO core(s).
WARNING: [Labtools 27-1347] Unable to find Debug Probes file []. Please update hw_device property [PROBES.FILE]
 Update of hw_probe objects, will be skipped.
WARNING: [Labtools 27-1974] Mismatch between the design programmed into the device xc7k325t_0 and the probes file(s) .
The device design has 3 ILA core(s) and 1 VIO core(s). 0 ILA core(s) and 0 VIO core(s) are matched in the probes file(s).
Resolution: 
1. Reprogram device with the correct programming file and associated probes file(s) OR
2. Goto device properties and associate the correct probes file(s) with the programming file already programmed in the device.
refresh_hw_device: Time (s): cpu = 00:00:34 ; elapsed = 00:00:19 . Memory (MB): peak = 2178.836 ; gain = 9.887
ERROR: [Xicom 50-38] xicom: Unable to connect to debug core(s) on the target device. Check cable connectivity and that the target board is powered up then use the disconnect_hw_server and connect_hw_server to re-initialize the hardware target. Use open_hw_target to re-register the hardware device.
ERROR: [Labtoolstcl 44-513] HW Target shutdown. Closing target: localhost:3121/xilinx_tcf/Xilinx/DebugChannelA
INFO: [Labtoolstcl 44-466] Opening hw_target localhost:3121/xilinx_tcf/Xilinx/DebugChannelA
INFO: [Labtools 27-1434] Device xc7k325t (JTAG device index = 0) is programmed with a design that has no supported debug core(s) in it.
WARNING: [Labtoolstcl 44-129] No matching hw_ila_data was found.
set_property PROBES.FILE {} [get_hw_devices xc7k325t_0]
set_property FULL_PROBES.FILE {} [get_hw_devices xc7k325t_0]
set_property PROGRAM.FILE {D:/BaiduNetdiskDownload/K7325_676_hdmi_inout/sata_ibert/sitlinv_stlv7325_v2.bit} [get_hw_devices xc7k325t_0]
program_hw_devices [get_hw_devices xc7k325t_0]
INFO: [Labtools 27-3164] End of startup status: HIGH
program_hw_devices: Time (s): cpu = 00:00:07 ; elapsed = 00:00:07 . Memory (MB): peak = 2196.867 ; gain = 0.000
refresh_hw_device [lindex [get_hw_devices xc7k325t_0] 0]
INFO: [Labtools 27-1434] Device xc7k325t (JTAG device index = 0) is programmed with a design that has no supported debug core(s) in it.
ERROR: [Labtoolstcl 44-513] HW Target shutdown. Closing target: localhost:3121/xilinx_tcf/Xilinx/DebugChannelA
exit
INFO: [Common 17-206] Exiting Vivado at Tue Apr  4 20:50:21 2023...
