#-----------------------------------------------------------
# Vivado v2019.1 (64-bit)
# SW Build 2552052 on Fri May 24 14:49:42 MDT 2019
# IP Build 2548770 on Fri May 24 18:01:18 MDT 2019
# Start of session at: Tue Apr  4 18:48:35 2023
# Process ID: 4988
# Current directory: d:/BaiduNetdiskDownload/K7325_676_hdmi_inout/GTX_125M_1G_IBERT/ibert_7series_gtx_0_ex
# Command line: vivado.exe -notrace -source d:/BaiduNetdiskDownload/K7325_676_hdmi_inout/GTX_125M_1G_IBERT/project_1/project_1.srcs/sources_1/ip/ibert_7series_gtx_0/ibert_7series_gtx_0_ex.tcl
# Log file: d:/BaiduNetdiskDownload/K7325_676_hdmi_inout/GTX_125M_1G_IBERT/ibert_7series_gtx_0_ex/vivado.log
# Journal file: d:/BaiduNetdiskDownload/K7325_676_hdmi_inout/GTX_125M_1G_IBERT/ibert_7series_gtx_0_ex\vivado.jou
#-----------------------------------------------------------
start_gui
source d:/BaiduNetdiskDownload/K7325_676_hdmi_inout/GTX_125M_1G_IBERT/project_1/project_1.srcs/sources_1/ip/ibert_7series_gtx_0/ibert_7series_gtx_0_ex.tcl -notrace
INFO: [open_example_project] Creating new example project...
INFO: [ProjectBase 1-489] The host OS only allows 260 characters in a normal path. The project is stored in a path with more than 80 characters. If you experience issues with IP, Block Designs, or files not being found, please consider moving the project to a location with a shorter path. Alternately consider using the OS subst command to map part of the path to a drive letter.
Current project path is 'd:/BaiduNetdiskDownload/K7325_676_hdmi_inout/GTX_125M_1G_IBERT/ibert_7series_gtx_0_ex'
INFO: [IP_Flow 19-234] Refreshing IP repositories
INFO: [IP_Flow 19-1704] No user IP repositories specified
INFO: [IP_Flow 19-2313] Loaded Vivado IP repository 'D:/vivado2019/Vivado/2019.1/data/ip'.
create_project: Time (s): cpu = 00:00:48 ; elapsed = 00:00:17 . Memory (MB): peak = 891.422 ; gain = 163.453
INFO: [open_example_project] Importing original IP ...
INFO: [open_example_project] Generating the example project IP ...
INFO: [open_example_project] Adding example synthesis HDL files ...
INFO: [open_example_project] Adding example synthesis miscellaneous files ...
INFO: [open_example_project] Adding example XDC files ...
INFO: [open_example_project] Rebuilding all the top level IPs ...
INFO: [exportsim-Tcl-35] Exporting simulation files for "XSIM" (Xilinx Vivado Simulator)...
INFO: [exportsim-Tcl-29] Script generated: 'D:/BaiduNetdiskDownload/K7325_676_hdmi_inout/GTX_125M_1G_IBERT/ibert_7series_gtx_0_ex/ibert_7series_gtx_0_ex.ip_user_files/sim_scripts/ibert_7series_gtx_0/xsim/ibert_7series_gtx_0.sh'
INFO: [exportsim-Tcl-35] Exporting simulation files for "MODELSIM" (Mentor Graphics ModelSim Simulator)...
INFO: [exportsim-Tcl-29] Script generated: 'D:/BaiduNetdiskDownload/K7325_676_hdmi_inout/GTX_125M_1G_IBERT/ibert_7series_gtx_0_ex/ibert_7series_gtx_0_ex.ip_user_files/sim_scripts/ibert_7series_gtx_0/modelsim/ibert_7series_gtx_0.sh'
INFO: [exportsim-Tcl-35] Exporting simulation files for "QUESTA" (Mentor Graphics Questa Advanced Simulator)...
INFO: [exportsim-Tcl-29] Script generated: 'D:/BaiduNetdiskDownload/K7325_676_hdmi_inout/GTX_125M_1G_IBERT/ibert_7series_gtx_0_ex/ibert_7series_gtx_0_ex.ip_user_files/sim_scripts/ibert_7series_gtx_0/questa/ibert_7series_gtx_0.sh'
INFO: [exportsim-Tcl-35] Exporting simulation files for "IES" (Cadence Incisive Enterprise Simulator)...
INFO: [exportsim-Tcl-29] Script generated: 'D:/BaiduNetdiskDownload/K7325_676_hdmi_inout/GTX_125M_1G_IBERT/ibert_7series_gtx_0_ex/ibert_7series_gtx_0_ex.ip_user_files/sim_scripts/ibert_7series_gtx_0/ies/ibert_7series_gtx_0.sh'
INFO: [exportsim-Tcl-35] Exporting simulation files for "VCS" (Synopsys Verilog Compiler Simulator)...
