#-----------------------------------------------------------
# Vivado v2019.1 (64-bit)
# SW Build 2552052 on Fri May 24 14:49:42 MDT 2019
# IP Build 2548770 on Fri May 24 18:01:18 MDT 2019
# Start of session at: Sat Aug 22 21:52:10 2020
# Process ID: 7404
# Current directory: F:/K325667/hdmi_display_1080P/hdmi_display_1080P/hdmi_display_demon
# Command line: vivado.exe -gui_launcher_event rodinguilauncherevent6652 F:\K325667\hdmi_display_1080P\hdmi_display_1080P\hdmi_display_demon\hdmi_display_demon.xpr
# Log file: F:/K325667/hdmi_display_1080P/hdmi_display_1080P/hdmi_display_demon/vivado.log
# Journal file: F:/K325667/hdmi_display_1080P/hdmi_display_1080P/hdmi_display_demon\vivado.jou
#-----------------------------------------------------------
start_gui
open_project F:/K325667/hdmi_display_1080P/hdmi_display_1080P/hdmi_display_demon/hdmi_display_demon.xpr
Scanning sources...
Finished scanning sources
INFO: [IP_Flow 19-234] Refreshing IP repositories
INFO: [IP_Flow 19-1700] Loaded user IP repository 'f:/K325667/hdmi_display_1080P/hdmi_display_1080P/Miz_ip_lib'.
INFO: [IP_Flow 19-2313] Loaded Vivado IP repository 'H:/vivado2019/Vivado/2019.1/data/ip'.
open_project: Time (s): cpu = 00:00:23 ; elapsed = 00:00:17 . Memory (MB): peak = 896.875 ; gain = 200.023
update_compile_order -fileset sources_1
exit
INFO: [Common 17-206] Exiting Vivado at Sat Aug 22 21:57:02 2020...
