#-----------------------------------------------------------
# Vivado v2019.1 (64-bit)
# SW Build 2552052 on Fri May 24 14:49:42 MDT 2019
# IP Build 2548770 on Fri May 24 18:01:18 MDT 2019
# Start of session at: Thu Jan 12 19:00:01 2023
# Process ID: 7036
# Current directory: d:/BaiduNetdiskDownload/K7325_676_hdmi_inout/SFP_IBERT/10G/ibert_7series_gtx_0_ex
# Command line: vivado.exe -notrace -source d:/BaiduNetdiskDownload/K7325_676_hdmi_inout/SFP_IBERT/10G/project_1/project_1.srcs/sources_1/ip/ibert_7series_gtx_0/ibert_7series_gtx_0_ex.tcl
# Log file: d:/BaiduNetdiskDownload/K7325_676_hdmi_inout/SFP_IBERT/10G/ibert_7series_gtx_0_ex/vivado.log
# Journal file: d:/BaiduNetdiskDownload/K7325_676_hdmi_inout/SFP_IBERT/10G/ibert_7series_gtx_0_ex\vivado.jou
#-----------------------------------------------------------
start_gui
source d:/BaiduNetdiskDownload/K7325_676_hdmi_inout/SFP_IBERT/10G/project_1/project_1.srcs/sources_1/ip/ibert_7series_gtx_0/ibert_7series_gtx_0_ex.tcl -notrace
INFO: [open_example_project] Creating new example project...
INFO: [ProjectBase 1-489] The host OS only allows 260 characters in a normal path. The project is stored in a path with more than 80 characters. If you experience issues with IP, Block Designs, or files not being found, please consider moving the project to a location with a shorter path. Alternately consider using the OS subst command to map part of the path to a drive letter.
Current project path is 'd:/BaiduNetdiskDownload/K7325_676_hdmi_inout/SFP_IBERT/10G/ibert_7series_gtx_0_ex'
INFO: [IP_Flow 19-234] Refreshing IP repositories
INFO: [IP_Flow 19-1704] No user IP repositories specified
INFO: [IP_Flow 19-2313] Loaded Vivado IP repository 'D:/vivado2019/Vivado/2019.1/data/ip'.
create_project: Time (s): cpu = 00:00:46 ; elapsed = 00:00:16 . Memory (MB): peak = 878.824 ; gain = 126.918
INFO: [open_example_project] Importing original IP ...
INFO: [open_example_project] Generating the example project IP ...
INFO: [open_example_project] Adding example synthesis HDL files ...
INFO: [open_example_project] Adding example synthesis miscellaneous files ...
INFO: [open_example_project] Adding example XDC files ...
INFO: [open_example_project] Rebuilding all the top level IPs ...
INFO: [exportsim-Tcl-35] Exporting simulation files for "XSIM" (Xilinx Vivado Simulator)...
INFO: [exportsim-Tcl-29] Script generated: 'D:/BaiduNetdiskDownload/K7325_676_hdmi_inout/SFP_IBERT/10G/ibert_7series_gtx_0_ex/ibert_7series_gtx_0_ex.ip_user_files/sim_scripts/ibert_7series_gtx_0/xsim/ibert_7series_gtx_0.sh'
INFO: [exportsim-Tcl-35] Exporting simulation files for "MODELSIM" (Mentor Graphics ModelSim Simulator)...
INFO: [exportsim-Tcl-29] Script generated: 'D:/BaiduNetdiskDownload/K7325_676_hdmi_inout/SFP_IBERT/10G/ibert_7series_gtx_0_ex/ibert_7series_gtx_0_ex.ip_user_files/sim_scripts/ibert_7series_gtx_0/modelsim/ibert_7series_gtx_0.sh'
INFO: [exportsim-Tcl-35] Exporting simulation files for "QUESTA" (Mentor Graphics Questa Advanced Simulator)...
INFO: [exportsim-Tcl-29] Script generated: 'D:/BaiduNetdiskDownload/K7325_676_hdmi_inout/SFP_IBERT/10G/ibert_7series_gtx_0_ex/ibert_7series_gtx_0_ex.ip_user_files/sim_scripts/ibert_7series_gtx_0/questa/ibert_7series_gtx_0.sh'
INFO: [exportsim-Tcl-35] Exporting simulation files for "IES" (Cadence Incisive Enterprise Simulator)...
INFO: [exportsim-Tcl-29] Script generated: 'D:/BaiduNetdiskDownload/K7325_676_hdmi_inout/SFP_IBERT/10G/ibert_7series_gtx_0_ex/ibert_7series_gtx_0_ex.ip_user_files/sim_scripts/ibert_7series_gtx_0/ies/ibert_7series_gtx_0.sh'
INFO: [exportsim-Tcl-35] Exporting simulation files for "VCS" (Synopsys Verilog Compiler Simulator)...
INFO: [exportsim-Tcl-29] Script generated: 'D:/BaiduNetdiskDownload/K7325_676_hdmi_inout/SFP_IBERT/10G/ibert_7series_gtx_0_ex/ibert_7series_gtx_0_ex.ip_user_files/sim_scripts/ibert_7series_gtx_0/vcs/ibert_7series_gtx_0.sh'
INFO: [exportsim-Tcl-35] Exporting simulation files for "RIVIERA" (Aldec Riviera-PRO Simulator)...
INFO: [exportsim-Tcl-29] Script generated: 'D:/BaiduNetdiskDownload/K7325_676_hdmi_inout/SFP_IBERT/10G/ibert_7series_gtx_0_ex/ibert_7series_gtx_0_ex.ip_user_files/sim_scripts/ibert_7series_gtx_0/riviera/ibert_7series_gtx_0.sh'
INFO: [exportsim-Tcl-35] Exporting simulation files for "ACTIVEHDL" (Aldec Active-HDL Simulator)...
INFO: [exportsim-Tcl-29] Script generated: 'D:/BaiduNetdiskDownload/K7325_676_hdmi_inout/SFP_IBERT/10G/ibert_7series_gtx_0_ex/ibert_7series_gtx_0_ex.ip_user_files/sim_scripts/ibert_7series_gtx_0/activehdl/ibert_7series_gtx_0.sh'
INFO: [exportsim-Tcl-35] Exporting simulation files for "XCELIUM" (Cadence Xcelium Parallel Simulator)...
INFO: [exportsim-Tcl-29] Script generated: 'D:/BaiduNetdiskDownload/K7325_676_hdmi_inout/SFP_IBERT/10G/ibert_7series_gtx_0_ex/ibert_7series_gtx_0_ex.ip_user_files/sim_scripts/ibert_7series_gtx_0/xcelium/ibert_7series_gtx_0.sh'
export_ip_user_files: Time (s): cpu = 00:00:10 ; elapsed = 00:00:05 . Memory (MB): peak = 878.824 ; gain = 0.000
INFO: [open_example_project] Open Example Project completed
update_compile_order -fileset sources_1
launch_runs impl_1 -to_step write_bitstream -jobs 32
[Thu Jan 12 19:01:15 2023] Launched synth_1...
Run output will be captured here: d:/BaiduNetdiskDownload/K7325_676_hdmi_inout/SFP_IBERT/10G/ibert_7series_gtx_0_ex/ibert_7series_gtx_0_ex.runs/synth_1/runme.log
[Thu Jan 12 19:01:15 2023] Launched impl_1...
Run output will be captured here: d:/BaiduNetdiskDownload/K7325_676_hdmi_inout/SFP_IBERT/10G/ibert_7series_gtx_0_ex/ibert_7series_gtx_0_ex.runs/impl_1/runme.log
open_hw
connect_hw_server
INFO: [Labtools 27-2285] Connecting to hw_server url TCP:localhost:3121
open_hw_target
INFO: [Labtoolstcl 44-466] Opening hw_target localhost:3121/xilinx_tcf/Xilinx/DebugChannelA
open_hw_target: Time (s): cpu = 00:00:08 ; elapsed = 00:00:08 . Memory (MB): peak = 2052.766 ; gain = 1123.227
set_property PROGRAM.FILE {d:/BaiduNetdiskDownload/K7325_676_hdmi_inout/SFP_IBERT/10G/ibert_7series_gtx_0_ex/ibert_7series_gtx_0_ex.runs/impl_1/example_ibert_7series_gtx_0.bit} [get_hw_devices xc7k325t_0]
current_hw_device [get_hw_devices xc7k325t_0]
refresh_hw_device -update_hw_probes false [lindex [get_hw_devices xc7k325t_0] 0]
INFO: [Labtools 27-1434] Device xc7k325t (JTAG device index = 0) is programmed with a design that has no supported debug core(s) in it.
set_property PROBES.FILE {} [get_hw_devices xc7k325t_0]
set_property FULL_PROBES.FILE {} [get_hw_devices xc7k325t_0]
set_property PROGRAM.FILE {d:/BaiduNetdiskDownload/K7325_676_hdmi_inout/SFP_IBERT/10G/ibert_7series_gtx_0_ex/ibert_7series_gtx_0_ex.runs/impl_1/example_ibert_7series_gtx_0.bit} [get_hw_devices xc7k325t_0]
program_hw_devices [get_hw_devices xc7k325t_0]
INFO: [Labtools 27-3164] End of startup status: HIGH
program_hw_devices: Time (s): cpu = 00:00:07 ; elapsed = 00:00:07 . Memory (MB): peak = 2130.730 ; gain = 7.688
refresh_hw_device [lindex [get_hw_devices xc7k325t_0] 0]
INFO: [Labtools 27-2302] Device xc7k325t (JTAG device index = 0) is programmed with a design that has 1 IBERT core(s).
detect_hw_sio_links
INFO: [Labtools 27-2267] Found 2 links.
set_property TX_PATTERN {PRBS 31-bit} [get_hw_sio_links -of_objects [get_hw_sio_linkgroups {LINKGROUP_0}]]
commit_hw_sio [get_hw_sio_links -of_objects [get_hw_sio_linkgroups {LINKGROUP_0}]]
set_property RX_PATTERN {PRBS 31-bit} [get_hw_sio_links -of_objects [get_hw_sio_linkgroups {LINKGROUP_0}]]
commit_hw_sio [get_hw_sio_links -of_objects [get_hw_sio_linkgroups {LINKGROUP_0}]]
set_property LOGIC.MGT_ERRCNT_RESET_CTRL 1 [get_hw_sio_links -of_objects [get_hw_sio_linkgroups {LINKGROUP_0}]]
commit_hw_sio [get_hw_sio_links -of_objects [get_hw_sio_linkgroups {LINKGROUP_0}]]
set_property LOGIC.MGT_ERRCNT_RESET_CTRL 0 [get_hw_sio_links -of_objects [get_hw_sio_linkgroups {LINKGROUP_0}]]
commit_hw_sio [get_hw_sio_links -of_objects [get_hw_sio_linkgroups {LINKGROUP_0}]]
set xil_newScan [create_hw_sio_scan -description {Scan 0} 2d_full_eye  [lindex [get_hw_sio_links localhost:3121/xilinx_tcf/Xilinx/DebugChannelA/0_1_0/IBERT/Quad_115/MGT_X0Y3/TX->localhost:3121/xilinx_tcf/Xilinx/DebugChannelA/0_1_0/IBERT/Quad_115/MGT_X0Y2/RX] 0 ]]
run_hw_sio_scan [get_hw_sio_scans $xil_newScan]
set xil_newScan [create_hw_sio_scan -description {Scan 1} 2d_full_eye  [lindex [get_hw_sio_links localhost:3121/xilinx_tcf/Xilinx/DebugChannelA/0_1_0/IBERT/Quad_115/MGT_X0Y2/TX->localhost:3121/xilinx_tcf/Xilinx/DebugChannelA/0_1_0/IBERT/Quad_115/MGT_X0Y3/RX] 0 ]]
run_hw_sio_scan [get_hw_sio_scans $xil_newScan]
ERROR: [Xicom 50-38] xicom: Unable to connect to debug core(s) on the target device. Check cable connectivity and that the target board is powered up then use the disconnect_hw_server and connect_hw_server to re-initialize the hardware target. Use open_hw_target to re-register the hardware device.
ERROR: [Xicom 50-38] xicom: Unable to connect to debug core(s) on the target device. Check cable connectivity and that the target board is powered up then use the disconnect_hw_server and connect_hw_server to re-initialize the hardware target. Use open_hw_target to re-register the hardware device.
ERROR: [Xicom 50-38] xicom: Unable to connect to debug core(s) on the target device. Check cable connectivity and that the target board is powered up then use the disconnect_hw_server and connect_hw_server to re-initialize the hardware target. Use open_hw_target to re-register the hardware device.
ERROR: [Xicom 50-38] xicom: Unable to connect to debug core(s) on the target device. Check cable connectivity and that the target board is powered up then use the disconnect_hw_server and connect_hw_server to re-initialize the hardware target. Use open_hw_target to re-register the hardware device.
ERROR: [Xicom 50-38] xicom: Unable to connect to debug core(s) on the target device. Check cable connectivity and that the target board is powered up then use the disconnect_hw_server and connect_hw_server to re-initialize the hardware target. Use open_hw_target to re-register the hardware device.
ERROR: [Xicom 50-38] xicom: Unable to connect to debug core(s) on the target device. Check cable connectivity and that the target board is powered up then use the disconnect_hw_server and connect_hw_server to re-initialize the hardware target. Use open_hw_target to re-register the hardware device.
ERROR: [Xicom 50-38] xicom: Unable to connect to debug core(s) on the target device. Check cable connectivity and that the target board is powered up then use the disconnect_hw_server and connect_hw_server to re-initialize the hardware target. Use open_hw_target to re-register the hardware device.
ERROR: [Xicom 50-38] xicom: Unable to connect to debug core(s) on the target device. Check cable connectivity and that the target board is powered up then use the disconnect_hw_server and connect_hw_server to re-initialize the hardware target. Use open_hw_target to re-register the hardware device.
ERROR: [Labtoolstcl 44-513] HW Target shutdown. Closing target: localhost:3121/xilinx_tcf/Xilinx/DebugChannelA
INFO: [Labtoolstcl 44-466] Opening hw_target localhost:3121/xilinx_tcf/Xilinx/DebugChannelA
INFO: [Labtools 27-1434] Device xc7k325t (JTAG device index = 0) is programmed with a design that has no supported debug core(s) in it.
WARNING: [Labtoolstcl 44-129] No matching hw_ila_data was found.
set_property PROBES.FILE {} [get_hw_devices xc7k325t_0]
set_property FULL_PROBES.FILE {} [get_hw_devices xc7k325t_0]
set_property PROGRAM.FILE {d:/BaiduNetdiskDownload/K7325_676_hdmi_inout/SFP_IBERT/10G/ibert_7series_gtx_0_ex/ibert_7series_gtx_0_ex.runs/impl_1/example_ibert_7series_gtx_0.bit} [get_hw_devices xc7k325t_0]
program_hw_devices [get_hw_devices xc7k325t_0]
INFO: [Labtools 27-3164] End of startup status: HIGH
program_hw_devices: Time (s): cpu = 00:00:06 ; elapsed = 00:00:07 . Memory (MB): peak = 2184.121 ; gain = 0.000
refresh_hw_device [lindex [get_hw_devices xc7k325t_0] 0]
INFO: [Labtools 27-2302] Device xc7k325t (JTAG device index = 0) is programmed with a design that has 1 IBERT core(s).
INFO: [Labtools 27-3134] 1 properties from Link : Found 1 is(are) being modified based on the saved project settings.
INFO: [Labtools 27-3134] 1 properties from Link : Found 0 is(are) being modified based on the saved project settings.
set_property LOGIC.MGT_ERRCNT_RESET_CTRL 1 [get_hw_sio_links -of_objects [get_hw_sio_linkgroups {LINKGROUP_0}]]
commit_hw_sio [get_hw_sio_links -of_objects [get_hw_sio_linkgroups {LINKGROUP_0}]]
set_property LOGIC.MGT_ERRCNT_RESET_CTRL 0 [get_hw_sio_links -of_objects [get_hw_sio_linkgroups {LINKGROUP_0}]]
commit_hw_sio [get_hw_sio_links -of_objects [get_hw_sio_linkgroups {LINKGROUP_0}]]
set_property TX_PATTERN {PRBS 31-bit} [get_hw_sio_links -of_objects [get_hw_sio_linkgroups {LINKGROUP_0}]]
commit_hw_sio [get_hw_sio_links -of_objects [get_hw_sio_linkgroups {LINKGROUP_0}]]
set_property RX_PATTERN {PRBS 31-bit} [get_hw_sio_links -of_objects [get_hw_sio_linkgroups {LINKGROUP_0}]]
commit_hw_sio [get_hw_sio_links -of_objects [get_hw_sio_linkgroups {LINKGROUP_0}]]
set_property LOGIC.MGT_ERRCNT_RESET_CTRL 1 [get_hw_sio_links -of_objects [get_hw_sio_linkgroups {LINKGROUP_0}]]
commit_hw_sio [get_hw_sio_links -of_objects [get_hw_sio_linkgroups {LINKGROUP_0}]]
set_property LOGIC.MGT_ERRCNT_RESET_CTRL 0 [get_hw_sio_links -of_objects [get_hw_sio_linkgroups {LINKGROUP_0}]]
commit_hw_sio [get_hw_sio_links -of_objects [get_hw_sio_linkgroups {LINKGROUP_0}]]
set xil_newScan [create_hw_sio_scan -description {Scan 2} 2d_full_eye  [lindex [get_hw_sio_links localhost:3121/xilinx_tcf/Xilinx/DebugChannelA/0_1_0/IBERT/Quad_115/MGT_X0Y2/TX->localhost:3121/xilinx_tcf/Xilinx/DebugChannelA/0_1_0/IBERT/Quad_115/MGT_X0Y3/RX] 0 ]]
run_hw_sio_scan [get_hw_sio_scans $xil_newScan]
set xil_newScan [create_hw_sio_scan -description {Scan 3} 2d_full_eye  [lindex [get_hw_sio_links localhost:3121/xilinx_tcf/Xilinx/DebugChannelA/0_1_0/IBERT/Quad_115/MGT_X0Y3/TX->localhost:3121/xilinx_tcf/Xilinx/DebugChannelA/0_1_0/IBERT/Quad_115/MGT_X0Y2/RX] 0 ]]
run_hw_sio_scan [get_hw_sio_scans $xil_newScan]
exit
INFO: [Common 17-206] Exiting Vivado at Thu Jan 12 19:21:35 2023...
