#-----------------------------------------------------------
# Vivado v2019.1 (64-bit)
# SW Build 2552052 on Fri May 24 14:49:42 MDT 2019
# IP Build 2548770 on Fri May 24 18:01:18 MDT 2019
# Start of session at: Thu Mar 23 17:24:21 2023
# Process ID: 6340
# Current directory: D:/BaiduNetdiskDownload/K7325_676_hdmi_inout/SFP_IBERT_10G/10G/ibert_7series_gtx_0_ex
# Command line: vivado.exe -gui_launcher_event rodinguilauncherevent5684 D:\BaiduNetdiskDownload\K7325_676_hdmi_inout\SFP_IBERT_10G\10G\ibert_7series_gtx_0_ex\ibert_7series_gtx_0_ex.xpr
# Log file: D:/BaiduNetdiskDownload/K7325_676_hdmi_inout/SFP_IBERT_10G/10G/ibert_7series_gtx_0_ex/vivado.log
# Journal file: D:/BaiduNetdiskDownload/K7325_676_hdmi_inout/SFP_IBERT_10G/10G/ibert_7series_gtx_0_ex\vivado.jou
#-----------------------------------------------------------
start_gui
open_project D:/BaiduNetdiskDownload/K7325_676_hdmi_inout/SFP_IBERT_10G/10G/ibert_7series_gtx_0_ex/ibert_7series_gtx_0_ex.xpr
INFO: [ProjectBase 1-489] The host OS only allows 260 characters in a normal path. The project is stored in a path with more than 80 characters. If you experience issues with IP, Block Designs, or files not being found, please consider moving the project to a location with a shorter path. Alternately consider using the OS subst command to map part of the path to a drive letter.
Current project path is 'D:/BaiduNetdiskDownload/K7325_676_hdmi_inout/SFP_IBERT_10G/10G/ibert_7series_gtx_0_ex'
INFO: [Project 1-313] Project file moved from 'd:/BaiduNetdiskDownload/K7325_676_hdmi_inout/SFP_IBERT/10G/ibert_7series_gtx_0_ex' since last save.
Scanning sources...
Finished scanning sources
INFO: [IP_Flow 19-234] Refreshing IP repositories
INFO: [IP_Flow 19-1704] No user IP repositories specified
INFO: [IP_Flow 19-2313] Loaded Vivado IP repository 'D:/vivado2019/Vivado/2019.1/data/ip'.
open_project: Time (s): cpu = 00:00:47 ; elapsed = 00:00:23 . Memory (MB): peak = 918.840 ; gain = 224.566
update_compile_order -fileset sources_1
open_hw
connect_hw_server
INFO: [Labtools 27-2285] Connecting to hw_server url TCP:localhost:3121
INFO: [Labtools 27-2222] Launching hw_server...
INFO: [Labtools 27-2221] Launch Output:

****** Xilinx hw_server v2019.1
  **** Build date : May 24 2019 at 15:13:31
    ** Copyright 1986-2019 Xilinx, Inc. All Rights Reserved.

warning: cannot open library dpcomm.dll, first required symbol ftdimgr_lock, Digilent FTDI based JTAG cables cannot be supported
warning: cannot open library djtg.dll, first required symbol DjtgGetPortCount, select Digilent JTAG cables cannot be supported

connect_hw_server: Time (s): cpu = 00:00:04 ; elapsed = 00:00:11 . Memory (MB): peak = 1086.984 ; gain = 13.859
open_hw_target
INFO: [Labtoolstcl 44-466] Opening hw_target localhost:3121/xilinx_tcf/Xilinx/DebugChannelA
ERROR: [Labtools 27-2269] No devices detected on target localhost:3121/xilinx_tcf/Xilinx/DebugChannelA.
Check cable connectivity and that the target board is powered up then
use the disconnect_hw_server and connect_hw_server to re-register this hardware target.
ERROR: [Common 17-39] 'open_hw_target' failed due to earlier errors.
set_property PROBES.FILE {} [get_hw_devices xc7k325t_0]
set_property FULL_PROBES.FILE {} [get_hw_devices xc7k325t_0]
set_property PROGRAM.FILE {E:/PXIE_325T_pin/DDR1600/k7325t_ddr3_1600_golden.runs/impl_325T_900/k7325t_ddr3_1600_golden.bit} [get_hw_devices xc7k325t_0]
program_hw_devices [get_hw_devices xc7k325t_0]
INFO: [Labtools 27-3164] End of startup status: HIGH
refresh_hw_device [lindex [get_hw_devices xc7k325t_0] 0]
INFO: [Labtools 27-1434] Device xc7k325t (JTAG device index = 0) is programmed with a design that has no supported debug core(s) in it.
set_property PROBES.FILE {} [get_hw_devices xc7k325t_0]
set_property FULL_PROBES.FILE {} [get_hw_devices xc7k325t_0]
set_property PROGRAM.FILE {E:/PXIE_325T_pin/DDR1600/k7325t_ddr3_1600_golden.runs/impl_325T_900/k7325t_ddr3_1600_golden.bit} [get_hw_devices xc7k325t_0]
program_hw_devices [get_hw_devices xc7k325t_0]
INFO: [Labtools 27-3164] End of startup status: HIGH
refresh_hw_device [lindex [get_hw_devices xc7k325t_0] 0]
INFO: [Labtools 27-1434] Device xc7k325t (JTAG device index = 0) is programmed with a design that has no supported debug core(s) in it.
set_property PROBES.FILE {} [get_hw_devices xc7k325t_0]
set_property FULL_PROBES.FILE {} [get_hw_devices xc7k325t_0]
set_property PROGRAM.FILE {E:/PXIE_325T_pin/led_x8/LED.runs/impl_1/golden_led_200mhz.bit} [get_hw_devices xc7k325t_0]
program_hw_devices [get_hw_devices xc7k325t_0]
INFO: [Labtools 27-3164] End of startup status: HIGH
refresh_hw_device [lindex [get_hw_devices xc7k325t_0] 0]
INFO: [Labtools 27-1434] Device xc7k325t (JTAG device index = 0) is programmed with a design that has no supported debug core(s) in it.
set_property PROBES.FILE {} [get_hw_devices xc7k325t_0]
set_property FULL_PROBES.FILE {} [get_hw_devices xc7k325t_0]
set_property PROGRAM.FILE {E:/PXIE_325T_pin/DDR1600/k7325t_ddr3_1600_golden.runs/impl_325T_900/k7325t_ddr3_1600_golden.bit} [get_hw_devices xc7k325t_0]
program_hw_devices [get_hw_devices xc7k325t_0]
INFO: [Labtools 27-3164] End of startup status: HIGH
refresh_hw_device [lindex [get_hw_devices xc7k325t_0] 0]
INFO: [Labtools 27-1434] Device xc7k325t (JTAG device index = 0) is programmed with a design that has no supported debug core(s) in it.
ERROR: [Labtoolstcl 44-513] HW Target shutdown. Closing target: localhost:3121/xilinx_tcf/Xilinx/DebugChannelA
INFO: [Labtoolstcl 44-466] Opening hw_target localhost:3121/xilinx_tcf/Xilinx/DebugChannelA
INFO: [Labtools 27-1435] Device xc7k325t (JTAG device index = 0) is not programmed (DONE status = 0).
WARNING: [Labtoolstcl 44-129] No matching hw_ila_data was found.
set_property PROBES.FILE {} [get_hw_devices xc7k325t_0]
set_property FULL_PROBES.FILE {} [get_hw_devices xc7k325t_0]
set_property PROGRAM.FILE {E:/PXIE_325T_pin/DDR1600/k7325t_ddr3_1600_golden.runs/impl_325T_900/k7325t_ddr3_1600_golden.bit} [get_hw_devices xc7k325t_0]
program_hw_devices [get_hw_devices xc7k325t_0]
INFO: [Labtools 27-3164] End of startup status: HIGH
refresh_hw_device [lindex [get_hw_devices xc7k325t_0] 0]
INFO: [Labtools 27-1434] Device xc7k325t (JTAG device index = 0) is programmed with a design that has no supported debug core(s) in it.
ERROR: [Labtoolstcl 44-513] HW Target shutdown. Closing target: localhost:3121/xilinx_tcf/Xilinx/DebugChannelA
INFO: [Labtoolstcl 44-466] Opening hw_target localhost:3121/xilinx_tcf/Xilinx/DebugChannelA
INFO: [Labtools 27-1435] Device xc7k325t (JTAG device index = 0) is not programmed (DONE status = 0).
WARNING: [Labtoolstcl 44-129] No matching hw_ila_data was found.
set_property PROBES.FILE {} [get_hw_devices xc7k325t_0]
set_property FULL_PROBES.FILE {} [get_hw_devices xc7k325t_0]
set_property PROGRAM.FILE {E:/PXIE_325T_pin/sfpx4_10G_IBERT/ibert_7series_gtx_0_ex/ibert_7series_gtx_0_ex.runs/impl_1/example_ibert_7series_gtx_0.bit} [get_hw_devices xc7k325t_0]
program_hw_devices [get_hw_devices xc7k325t_0]
INFO: [Labtools 27-3164] End of startup status: HIGH
program_hw_devices: Time (s): cpu = 00:00:07 ; elapsed = 00:00:07 . Memory (MB): peak = 2284.949 ; gain = 0.000
refresh_hw_device [lindex [get_hw_devices xc7k325t_0] 0]
INFO: [Labtools 27-2302] Device xc7k325t (JTAG device index = 0) is programmed with a design that has 1 IBERT core(s).
detect_hw_sio_links
INFO: [Labtools 27-2267] Found 4 links.
ERROR: [Labtoolstcl 44-513] HW Target shutdown. Closing target: localhost:3121/xilinx_tcf/Xilinx/DebugChannelA
INFO: [Labtoolstcl 44-466] Opening hw_target localhost:3121/xilinx_tcf/Xilinx/DebugChannelA
INFO: [Labtools 27-1435] Device xc7k325t (JTAG device index = 0) is not programmed (DONE status = 0).
WARNING: [Labtoolstcl 44-129] No matching hw_ila_data was found.
set_property PROBES.FILE {} [get_hw_devices xc7k325t_0]
set_property FULL_PROBES.FILE {} [get_hw_devices xc7k325t_0]
set_property PROGRAM.FILE {E:/PXIE_325T_pin/sfpx4_10G_IBERT/ibert_7series_gtx_0_ex/ibert_7series_gtx_0_ex.runs/impl_1/example_ibert_7series_gtx_0.bit} [get_hw_devices xc7k325t_0]
program_hw_devices [get_hw_devices xc7k325t_0]
INFO: [Labtools 27-3164] End of startup status: HIGH
program_hw_devices: Time (s): cpu = 00:00:07 ; elapsed = 00:00:07 . Memory (MB): peak = 2300.328 ; gain = 0.000
refresh_hw_device [lindex [get_hw_devices xc7k325t_0] 0]
INFO: [Labtools 27-2302] Device xc7k325t (JTAG device index = 0) is programmed with a design that has 1 IBERT core(s).
INFO: [Labtools 27-3134] 1 properties from Link : Found 1 is(are) being modified based on the saved project settings.
INFO: [Labtools 27-3134] 1 properties from Link : Found 0 is(are) being modified based on the saved project settings.
INFO: [Labtools 27-3134] 1 properties from Link : Found 3 is(are) being modified based on the saved project settings.
INFO: [Labtools 27-3134] 1 properties from Link : Found 2 is(are) being modified based on the saved project settings.
set_property LOGIC.MGT_ERRCNT_RESET_CTRL 1 [get_hw_sio_links -of_objects [get_hw_sio_linkgroups {LINKGROUP_0}]]
commit_hw_sio [get_hw_sio_links -of_objects [get_hw_sio_linkgroups {LINKGROUP_0}]]
set_property LOGIC.MGT_ERRCNT_RESET_CTRL 0 [get_hw_sio_links -of_objects [get_hw_sio_linkgroups {LINKGROUP_0}]]
commit_hw_sio [get_hw_sio_links -of_objects [get_hw_sio_linkgroups {LINKGROUP_0}]]
set_property PROBES.FILE {} [get_hw_devices xc7k325t_0]
set_property FULL_PROBES.FILE {} [get_hw_devices xc7k325t_0]
set_property PROGRAM.FILE {E:/PXIE_325T_pin/sfpx4_10G_IBERT/ibert_7series_gtx_0_ex/ibert_7series_gtx_0_ex.runs/impl_1/example_ibert_7series_gtx_0.bit} [get_hw_devices xc7k325t_0]
program_hw_devices [get_hw_devices xc7k325t_0]
INFO: [Labtools 27-3164] End of startup status: HIGH
program_hw_devices: Time (s): cpu = 00:00:08 ; elapsed = 00:00:08 . Memory (MB): peak = 2300.332 ; gain = 0.000
refresh_hw_device [lindex [get_hw_devices xc7k325t_0] 0]
INFO: [Labtools 27-2302] Device xc7k325t (JTAG device index = 0) is programmed with a design that has 1 IBERT core(s).
INFO: [Labtools 27-3134] 1 properties from Link : Found 1 is(are) being modified based on the saved project settings.
INFO: [Labtools 27-3134] 1 properties from Link : Found 0 is(are) being modified based on the saved project settings.
INFO: [Labtools 27-3134] 1 properties from Link : Found 3 is(are) being modified based on the saved project settings.
INFO: [Labtools 27-3134] 1 properties from Link : Found 2 is(are) being modified based on the saved project settings.
set_property LOGIC.MGT_ERRCNT_RESET_CTRL 1 [get_hw_sio_links -of_objects [get_hw_sio_linkgroups {LINKGROUP_0}]]
commit_hw_sio [get_hw_sio_links -of_objects [get_hw_sio_linkgroups {LINKGROUP_0}]]
set_property LOGIC.MGT_ERRCNT_RESET_CTRL 0 [get_hw_sio_links -of_objects [get_hw_sio_linkgroups {LINKGROUP_0}]]
commit_hw_sio [get_hw_sio_links -of_objects [get_hw_sio_linkgroups {LINKGROUP_0}]]
set_property LOGIC.MGT_ERRCNT_RESET_CTRL 1 [get_hw_sio_links -of_objects [get_hw_sio_linkgroups {LINKGROUP_0}]]
commit_hw_sio [get_hw_sio_links -of_objects [get_hw_sio_linkgroups {LINKGROUP_0}]]
set_property LOGIC.MGT_ERRCNT_RESET_CTRL 0 [get_hw_sio_links -of_objects [get_hw_sio_linkgroups {LINKGROUP_0}]]
commit_hw_sio [get_hw_sio_links -of_objects [get_hw_sio_linkgroups {LINKGROUP_0}]]
set_property PROBES.FILE {} [get_hw_devices xc7k325t_0]
set_property FULL_PROBES.FILE {} [get_hw_devices xc7k325t_0]
set_property PROGRAM.FILE {E:/PXIE_325T_pin/sfpx4_10G_IBERT/ibert_7series_gtx_0_ex/ibert_7series_gtx_0_ex.runs/impl_1/example_ibert_7series_gtx_0.bit} [get_hw_devices xc7k325t_0]
program_hw_devices [get_hw_devices xc7k325t_0]
INFO: [Labtools 27-3164] End of startup status: HIGH
program_hw_devices: Time (s): cpu = 00:00:10 ; elapsed = 00:00:08 . Memory (MB): peak = 2310.113 ; gain = 0.000
refresh_hw_device [lindex [get_hw_devices xc7k325t_0] 0]
INFO: [Labtools 27-2302] Device xc7k325t (JTAG device index = 0) is programmed with a design that has 1 IBERT core(s).
INFO: [Labtools 27-3134] 1 properties from Link : Found 1 is(are) being modified based on the saved project settings.
INFO: [Labtools 27-3134] 1 properties from Link : Found 0 is(are) being modified based on the saved project settings.
INFO: [Labtools 27-3134] 1 properties from Link : Found 3 is(are) being modified based on the saved project settings.
INFO: [Labtools 27-3134] 1 properties from Link : Found 2 is(are) being modified based on the saved project settings.
set_property LOGIC.MGT_ERRCNT_RESET_CTRL 1 [get_hw_sio_links -of_objects [get_hw_sio_linkgroups {LINKGROUP_0}]]
commit_hw_sio [get_hw_sio_links -of_objects [get_hw_sio_linkgroups {LINKGROUP_0}]]
set_property LOGIC.MGT_ERRCNT_RESET_CTRL 0 [get_hw_sio_links -of_objects [get_hw_sio_linkgroups {LINKGROUP_0}]]
commit_hw_sio [get_hw_sio_links -of_objects [get_hw_sio_linkgroups {LINKGROUP_0}]]
set_property PROBES.FILE {} [get_hw_devices xc7k325t_0]
set_property FULL_PROBES.FILE {} [get_hw_devices xc7k325t_0]
set_property PROGRAM.FILE {E:/PXIE_325T_pin/sfpx4_10G_IBERT/ibert_7series_gtx_0_ex/ibert_7series_gtx_0_ex.runs/impl_1/example_ibert_7series_gtx_0.bit} [get_hw_devices xc7k325t_0]
program_hw_devices [get_hw_devices xc7k325t_0]
INFO: [Labtools 27-3164] End of startup status: HIGH
program_hw_devices: Time (s): cpu = 00:00:09 ; elapsed = 00:00:08 . Memory (MB): peak = 2311.566 ; gain = 0.000
refresh_hw_device [lindex [get_hw_devices xc7k325t_0] 0]
INFO: [Labtools 27-2302] Device xc7k325t (JTAG device index = 0) is programmed with a design that has 1 IBERT core(s).
INFO: [Labtools 27-3134] 1 properties from Link : Found 1 is(are) being modified based on the saved project settings.
INFO: [Labtools 27-3134] 1 properties from Link : Found 0 is(are) being modified based on the saved project settings.
INFO: [Labtools 27-3134] 1 properties from Link : Found 3 is(are) being modified based on the saved project settings.
INFO: [Labtools 27-3134] 1 properties from Link : Found 2 is(are) being modified based on the saved project settings.
set_property LOGIC.MGT_ERRCNT_RESET_CTRL 1 [get_hw_sio_links -of_objects [get_hw_sio_linkgroups {LINKGROUP_0}]]
commit_hw_sio [get_hw_sio_links -of_objects [get_hw_sio_linkgroups {LINKGROUP_0}]]
set_property LOGIC.MGT_ERRCNT_RESET_CTRL 0 [get_hw_sio_links -of_objects [get_hw_sio_linkgroups {LINKGROUP_0}]]
commit_hw_sio [get_hw_sio_links -of_objects [get_hw_sio_linkgroups {LINKGROUP_0}]]
ERROR: [Labtoolstcl 44-513] HW Target shutdown. Closing target: localhost:3121/xilinx_tcf/Xilinx/DebugChannelA
INFO: [Labtoolstcl 44-466] Opening hw_target localhost:3121/xilinx_tcf/Xilinx/DebugChannelA
INFO: [Labtools 27-1435] Device xc7k325t (JTAG device index = 0) is not programmed (DONE status = 0).
WARNING: [Labtoolstcl 44-129] No matching hw_ila_data was found.
create_hw_cfgmem -hw_device [lindex [get_hw_devices xc7k325t_0] 0] [lindex [get_cfgmem_parts {s25fl256sxxxxxx0-spi-x1_x2_x4}] 0]
set_property PROGRAM.BLANK_CHECK  0 [ get_property PROGRAM.HW_CFGMEM [lindex [get_hw_devices xc7k325t_0] 0]]
set_property PROGRAM.ERASE  1 [ get_property PROGRAM.HW_CFGMEM [lindex [get_hw_devices xc7k325t_0] 0]]
set_property PROGRAM.CFG_PROGRAM  1 [ get_property PROGRAM.HW_CFGMEM [lindex [get_hw_devices xc7k325t_0] 0]]
set_property PROGRAM.VERIFY  1 [ get_property PROGRAM.HW_CFGMEM [lindex [get_hw_devices xc7k325t_0] 0]]
set_property PROGRAM.CHECKSUM  0 [ get_property PROGRAM.HW_CFGMEM [lindex [get_hw_devices xc7k325t_0] 0]]
refresh_hw_device [lindex [get_hw_devices xc7k325t_0] 0]
INFO: [Labtools 27-1435] Device xc7k325t (JTAG device index = 0) is not programmed (DONE status = 0).
set_property PROGRAM.ADDRESS_RANGE  {use_file} [ get_property PROGRAM.HW_CFGMEM [lindex [get_hw_devices xc7k325t_0] 0]]
set_property PROGRAM.FILES [list "E:/PXIE_325T_pin/led_x8/PXIE_led_x8.mcs" ] [ get_property PROGRAM.HW_CFGMEM [lindex [get_hw_devices xc7k325t_0] 0]]
set_property PROGRAM.PRM_FILE {E:/PXIE_325T_pin/led_x8/PXIE_led_x8.prm} [ get_property PROGRAM.HW_CFGMEM [lindex [get_hw_devices xc7k325t_0] 0]]
set_property PROGRAM.UNUSED_PIN_TERMINATION {pull-none} [ get_property PROGRAM.HW_CFGMEM [lindex [get_hw_devices xc7k325t_0] 0]]
set_property PROGRAM.BLANK_CHECK  0 [ get_property PROGRAM.HW_CFGMEM [lindex [get_hw_devices xc7k325t_0] 0]]
set_property PROGRAM.ERASE  1 [ get_property PROGRAM.HW_CFGMEM [lindex [get_hw_devices xc7k325t_0] 0]]
set_property PROGRAM.CFG_PROGRAM  1 [ get_property PROGRAM.HW_CFGMEM [lindex [get_hw_devices xc7k325t_0] 0]]
set_property PROGRAM.VERIFY  1 [ get_property PROGRAM.HW_CFGMEM [lindex [get_hw_devices xc7k325t_0] 0]]
set_property PROGRAM.CHECKSUM  0 [ get_property PROGRAM.HW_CFGMEM [lindex [get_hw_devices xc7k325t_0] 0]]
startgroup 
create_hw_bitstream -hw_device [lindex [get_hw_devices xc7k325t_0] 0] [get_property PROGRAM.HW_CFGMEM_BITFILE [ lindex [get_hw_devices xc7k325t_0] 0]]; program_hw_devices [lindex [get_hw_devices xc7k325t_0] 0]; refresh_hw_device [lindex [get_hw_devices xc7k325t_0] 0];
INFO: [Labtools 27-3164] End of startup status: HIGH
INFO: [Labtools 27-2302] Device xc7k325t (JTAG device index = 0) is programmed with a design that has 1 SPI core(s).
program_hw_cfgmem -hw_cfgmem [ get_property PROGRAM.HW_CFGMEM [lindex [get_hw_devices xc7k325t_0] 0]]
Mfg ID : 1   Memory Type : 2   Memory Capacity : 19   Device ID 1 : 0   Device ID 2 : 0
Performing Erase Operation...
Erase Operation successful.
Performing Program and Verify Operations...
Program/Verify Operation successful.
INFO: [Labtoolstcl 44-377] Flash programming completed successfully
program_hw_cfgmem: Time (s): cpu = 00:00:03 ; elapsed = 00:00:29 . Memory (MB): peak = 2324.766 ; gain = 0.000
endgroup
ERROR: [Labtoolstcl 44-513] HW Target shutdown. Closing target: localhost:3121/xilinx_tcf/Xilinx/DebugChannelA
INFO: [Labtoolstcl 44-466] Opening hw_target localhost:3121/xilinx_tcf/Xilinx/DebugChannelA
INFO: [Labtools 27-1434] Device xc7k325t (JTAG device index = 0) is programmed with a design that has no supported debug core(s) in it.
WARNING: [Labtoolstcl 44-129] No matching hw_ila_data was found.
set_property PROBES.FILE {} [get_hw_devices xc7k325t_0]
set_property FULL_PROBES.FILE {} [get_hw_devices xc7k325t_0]
set_property PROGRAM.FILE {E:/PXIE_325T_pin/DDR1600/k7325t_ddr3_1600_golden.runs/impl_325T_900/k7325t_ddr3_1600_golden.bit} [get_hw_devices xc7k325t_0]
program_hw_devices [get_hw_devices xc7k325t_0]
INFO: [Labtools 27-3164] End of startup status: HIGH
refresh_hw_device [lindex [get_hw_devices xc7k325t_0] 0]
INFO: [Labtools 27-1434] Device xc7k325t (JTAG device index = 0) is programmed with a design that has no supported debug core(s) in it.
ERROR: [Labtoolstcl 44-513] HW Target shutdown. Closing target: localhost:3121/xilinx_tcf/Xilinx/DebugChannelA
INFO: [Labtoolstcl 44-466] Opening hw_target localhost:3121/xilinx_tcf/Xilinx/DebugChannelA
INFO: [Labtools 27-1434] Device xc7k325t (JTAG device index = 0) is programmed with a design that has no supported debug core(s) in it.
WARNING: [Labtoolstcl 44-129] No matching hw_ila_data was found.
set_property PROBES.FILE {} [get_hw_devices xc7k325t_0]
set_property FULL_PROBES.FILE {} [get_hw_devices xc7k325t_0]
set_property PROGRAM.FILE {E:/PXIE_325T_pin/DDR1600/k7325t_ddr3_1600_golden.runs/impl_325T_900/k7325t_ddr3_1600_golden.bit} [get_hw_devices xc7k325t_0]
program_hw_devices [get_hw_devices xc7k325t_0]
INFO: [Labtools 27-3164] End of startup status: HIGH
refresh_hw_device [lindex [get_hw_devices xc7k325t_0] 0]
INFO: [Labtools 27-1434] Device xc7k325t (JTAG device index = 0) is programmed with a design that has no supported debug core(s) in it.
ERROR: [Labtoolstcl 44-513] HW Target shutdown. Closing target: localhost:3121/xilinx_tcf/Xilinx/DebugChannelA
INFO: [Labtoolstcl 44-466] Opening hw_target localhost:3121/xilinx_tcf/Xilinx/DebugChannelA
INFO: [Labtools 27-1434] Device xc7k325t (JTAG device index = 0) is programmed with a design that has no supported debug core(s) in it.
WARNING: [Labtoolstcl 44-129] No matching hw_ila_data was found.
set_property PROBES.FILE {} [get_hw_devices xc7k325t_0]
set_property FULL_PROBES.FILE {} [get_hw_devices xc7k325t_0]
set_property PROGRAM.FILE {E:/PXIE_325T_pin/DDR1600/k7325t_ddr3_1600_golden.runs/impl_325T_900/k7325t_ddr3_1600_golden.bit} [get_hw_devices xc7k325t_0]
program_hw_devices [get_hw_devices xc7k325t_0]
INFO: [Labtools 27-3164] End of startup status: HIGH
refresh_hw_device [lindex [get_hw_devices xc7k325t_0] 0]
INFO: [Labtools 27-1434] Device xc7k325t (JTAG device index = 0) is programmed with a design that has no supported debug core(s) in it.
ERROR: [Labtoolstcl 44-513] HW Target shutdown. Closing target: localhost:3121/xilinx_tcf/Xilinx/DebugChannelA
INFO: [Labtoolstcl 44-466] Opening hw_target localhost:3121/xilinx_tcf/Xilinx/DebugChannelA
INFO: [Labtools 27-1435] Device xc7k325t (JTAG device index = 0) is not programmed (DONE status = 0).
WARNING: [Labtoolstcl 44-129] No matching hw_ila_data was found.
set_property PROBES.FILE {} [get_hw_devices xc7k325t_0]
set_property FULL_PROBES.FILE {} [get_hw_devices xc7k325t_0]
set_property PROGRAM.FILE {E:/PXIE_325T_pin/DDR1600/k7325t_ddr3_1600_golden.runs/impl_325T_900/k7325t_ddr3_1600_golden.bit} [get_hw_devices xc7k325t_0]
program_hw_devices [get_hw_devices xc7k325t_0]
INFO: [Labtools 27-3164] End of startup status: HIGH
refresh_hw_device [lindex [get_hw_devices xc7k325t_0] 0]
INFO: [Labtools 27-1434] Device xc7k325t (JTAG device index = 0) is programmed with a design that has no supported debug core(s) in it.
set_property PROGRAM.ADDRESS_RANGE  {use_file} [ get_property PROGRAM.HW_CFGMEM [lindex [get_hw_devices xc7k325t_0] 0]]
set_property PROGRAM.FILES [list "E:/PXIE_325T_pin/led_x8/PXIE_led_x8.mcs" ] [ get_property PROGRAM.HW_CFGMEM [lindex [get_hw_devices xc7k325t_0] 0]]
set_property PROGRAM.PRM_FILE {E:/PXIE_325T_pin/led_x8/PXIE_led_x8.prm} [ get_property PROGRAM.HW_CFGMEM [lindex [get_hw_devices xc7k325t_0] 0]]
set_property PROGRAM.UNUSED_PIN_TERMINATION {pull-none} [ get_property PROGRAM.HW_CFGMEM [lindex [get_hw_devices xc7k325t_0] 0]]
set_property PROGRAM.BLANK_CHECK  0 [ get_property PROGRAM.HW_CFGMEM [lindex [get_hw_devices xc7k325t_0] 0]]
set_property PROGRAM.ERASE  1 [ get_property PROGRAM.HW_CFGMEM [lindex [get_hw_devices xc7k325t_0] 0]]
set_property PROGRAM.CFG_PROGRAM  1 [ get_property PROGRAM.HW_CFGMEM [lindex [get_hw_devices xc7k325t_0] 0]]
set_property PROGRAM.VERIFY  1 [ get_property PROGRAM.HW_CFGMEM [lindex [get_hw_devices xc7k325t_0] 0]]
set_property PROGRAM.CHECKSUM  0 [ get_property PROGRAM.HW_CFGMEM [lindex [get_hw_devices xc7k325t_0] 0]]
startgroup 
create_hw_bitstream -hw_device [lindex [get_hw_devices xc7k325t_0] 0] [get_property PROGRAM.HW_CFGMEM_BITFILE [ lindex [get_hw_devices xc7k325t_0] 0]]; program_hw_devices [lindex [get_hw_devices xc7k325t_0] 0]; refresh_hw_device [lindex [get_hw_devices xc7k325t_0] 0];
INFO: [Labtools 27-3164] End of startup status: HIGH
INFO: [Labtools 27-2302] Device xc7k325t (JTAG device index = 0) is programmed with a design that has 1 SPI core(s).
program_hw_cfgmem -hw_cfgmem [ get_property PROGRAM.HW_CFGMEM [lindex [get_hw_devices xc7k325t_0] 0]]
Mfg ID : 1   Memory Type : 2   Memory Capacity : 19   Device ID 1 : 0   Device ID 2 : 0
Performing Erase Operation...
Erase Operation successful.
Performing Program and Verify Operations...
Program/Verify Operation successful.
INFO: [Labtoolstcl 44-377] Flash programming completed successfully
program_hw_cfgmem: Time (s): cpu = 00:00:02 ; elapsed = 00:00:29 . Memory (MB): peak = 2339.055 ; gain = 0.000
endgroup
ERROR: [Labtoolstcl 44-513] HW Target shutdown. Closing target: localhost:3121/xilinx_tcf/Xilinx/DebugChannelA
INFO: [Labtoolstcl 44-466] Opening hw_target localhost:3121/xilinx_tcf/Xilinx/DebugChannelA
INFO: [Labtools 27-1435] Device xc7k325t (JTAG device index = 0) is not programmed (DONE status = 0).
WARNING: [Labtoolstcl 44-129] No matching hw_ila_data was found.
set_property PROBES.FILE {} [get_hw_devices xc7k325t_0]
set_property FULL_PROBES.FILE {} [get_hw_devices xc7k325t_0]
set_property PROGRAM.FILE {D:/BaiduNetdiskDownload/K7325_676_hdmi_inout/SFP_IBERT_10G/10G/ibert_7series_gtx_0_ex/ibert_7series_gtx_0_ex.runs/impl_1/example_ibert_7series_gtx_0.bit} [get_hw_devices xc7k325t_0]
program_hw_devices [get_hw_devices xc7k325t_0]
INFO: [Labtools 27-3164] End of startup status: HIGH
program_hw_devices: Time (s): cpu = 00:00:07 ; elapsed = 00:00:07 . Memory (MB): peak = 2339.203 ; gain = 0.000
refresh_hw_device [lindex [get_hw_devices xc7k325t_0] 0]
INFO: [Labtools 27-2302] Device xc7k325t (JTAG device index = 0) is programmed with a design that has 1 IBERT core(s).
INFO: [Labtools 27-3134] 1 properties from Link : Found 1 is(are) being modified based on the saved project settings.
INFO: [Labtools 27-3134] 1 properties from Link : Found 0 is(are) being modified based on the saved project settings.
set_property PROBES.FILE {} [get_hw_devices xc7k325t_0]
set_property FULL_PROBES.FILE {} [get_hw_devices xc7k325t_0]
set_property PROGRAM.FILE {E:/PXIE_325T_pin/DDR1600/k7325t_ddr3_1600_golden.runs/impl_325T_900/k7325t_ddr3_1600_golden.bit} [get_hw_devices xc7k325t_0]
program_hw_devices [get_hw_devices xc7k325t_0]
INFO: [Labtools 27-3164] End of startup status: HIGH
refresh_hw_device [lindex [get_hw_devices xc7k325t_0] 0]
INFO: [Labtools 27-1434] Device xc7k325t (JTAG device index = 0) is programmed with a design that has no supported debug core(s) in it.
set_property PROGRAM.ADDRESS_RANGE  {use_file} [ get_property PROGRAM.HW_CFGMEM [lindex [get_hw_devices xc7k325t_0] 0]]
set_property PROGRAM.FILES [list "E:/PXIE_325T_pin/led_x8/PXIE_led_x8.mcs" ] [ get_property PROGRAM.HW_CFGMEM [lindex [get_hw_devices xc7k325t_0] 0]]
set_property PROGRAM.PRM_FILE {E:/PXIE_325T_pin/led_x8/PXIE_led_x8.prm} [ get_property PROGRAM.HW_CFGMEM [lindex [get_hw_devices xc7k325t_0] 0]]
set_property PROGRAM.UNUSED_PIN_TERMINATION {pull-none} [ get_property PROGRAM.HW_CFGMEM [lindex [get_hw_devices xc7k325t_0] 0]]
set_property PROGRAM.BLANK_CHECK  0 [ get_property PROGRAM.HW_CFGMEM [lindex [get_hw_devices xc7k325t_0] 0]]
set_property PROGRAM.ERASE  1 [ get_property PROGRAM.HW_CFGMEM [lindex [get_hw_devices xc7k325t_0] 0]]
set_property PROGRAM.CFG_PROGRAM  1 [ get_property PROGRAM.HW_CFGMEM [lindex [get_hw_devices xc7k325t_0] 0]]
set_property PROGRAM.VERIFY  1 [ get_property PROGRAM.HW_CFGMEM [lindex [get_hw_devices xc7k325t_0] 0]]
set_property PROGRAM.CHECKSUM  0 [ get_property PROGRAM.HW_CFGMEM [lindex [get_hw_devices xc7k325t_0] 0]]
startgroup 
create_hw_bitstream -hw_device [lindex [get_hw_devices xc7k325t_0] 0] [get_property PROGRAM.HW_CFGMEM_BITFILE [ lindex [get_hw_devices xc7k325t_0] 0]]; program_hw_devices [lindex [get_hw_devices xc7k325t_0] 0]; refresh_hw_device [lindex [get_hw_devices xc7k325t_0] 0];
INFO: [Labtools 27-3164] End of startup status: HIGH
INFO: [Labtools 27-2302] Device xc7k325t (JTAG device index = 0) is programmed with a design that has 1 SPI core(s).
program_hw_cfgmem -hw_cfgmem [ get_property PROGRAM.HW_CFGMEM [lindex [get_hw_devices xc7k325t_0] 0]]
Mfg ID : 1   Memory Type : 2   Memory Capacity : 19   Device ID 1 : 0   Device ID 2 : 0
Performing Erase Operation...
Erase Operation successful.
Performing Program and Verify Operations...
Program/Verify Operation successful.
INFO: [Labtoolstcl 44-377] Flash programming completed successfully
program_hw_cfgmem: Time (s): cpu = 00:00:03 ; elapsed = 00:00:29 . Memory (MB): peak = 2339.273 ; gain = 0.000
endgroup
ERROR: [Labtoolstcl 44-513] HW Target shutdown. Closing target: localhost:3121/xilinx_tcf/Xilinx/DebugChannelA
INFO: [Labtoolstcl 44-466] Opening hw_target localhost:3121/xilinx_tcf/Xilinx/DebugChannelA
INFO: [Labtools 27-1435] Device xc7k325t (JTAG device index = 0) is not programmed (DONE status = 0).
WARNING: [Labtoolstcl 44-129] No matching hw_ila_data was found.
set_property PROGRAM.ADDRESS_RANGE  {use_file} [ get_property PROGRAM.HW_CFGMEM [lindex [get_hw_devices xc7k325t_0] 0]]
set_property PROGRAM.FILES [list "E:/PXIE_325T_pin/led_x8/PXIE_led_x8.mcs" ] [ get_property PROGRAM.HW_CFGMEM [lindex [get_hw_devices xc7k325t_0] 0]]
set_property PROGRAM.PRM_FILE {E:/PXIE_325T_pin/led_x8/PXIE_led_x8.prm} [ get_property PROGRAM.HW_CFGMEM [lindex [get_hw_devices xc7k325t_0] 0]]
set_property PROGRAM.UNUSED_PIN_TERMINATION {pull-none} [ get_property PROGRAM.HW_CFGMEM [lindex [get_hw_devices xc7k325t_0] 0]]
set_property PROGRAM.BLANK_CHECK  0 [ get_property PROGRAM.HW_CFGMEM [lindex [get_hw_devices xc7k325t_0] 0]]
set_property PROGRAM.ERASE  1 [ get_property PROGRAM.HW_CFGMEM [lindex [get_hw_devices xc7k325t_0] 0]]
set_property PROGRAM.CFG_PROGRAM  1 [ get_property PROGRAM.HW_CFGMEM [lindex [get_hw_devices xc7k325t_0] 0]]
set_property PROGRAM.VERIFY  1 [ get_property PROGRAM.HW_CFGMEM [lindex [get_hw_devices xc7k325t_0] 0]]
set_property PROGRAM.CHECKSUM  0 [ get_property PROGRAM.HW_CFGMEM [lindex [get_hw_devices xc7k325t_0] 0]]
startgroup 
create_hw_bitstream -hw_device [lindex [get_hw_devices xc7k325t_0] 0] [get_property PROGRAM.HW_CFGMEM_BITFILE [ lindex [get_hw_devices xc7k325t_0] 0]]; program_hw_devices [lindex [get_hw_devices xc7k325t_0] 0]; refresh_hw_device [lindex [get_hw_devices xc7k325t_0] 0];
INFO: [Labtools 27-3164] End of startup status: HIGH
INFO: [Labtools 27-2302] Device xc7k325t (JTAG device index = 0) is programmed with a design that has 1 SPI core(s).
program_hw_cfgmem -hw_cfgmem [ get_property PROGRAM.HW_CFGMEM [lindex [get_hw_devices xc7k325t_0] 0]]
Mfg ID : 1   Memory Type : 2   Memory Capacity : 19   Device ID 1 : 0   Device ID 2 : 0
Performing Erase Operation...
Erase Operation successful.
Performing Program and Verify Operations...
Program/Verify Operation successful.
INFO: [Labtoolstcl 44-377] Flash programming completed successfully
program_hw_cfgmem: Time (s): cpu = 00:00:02 ; elapsed = 00:00:28 . Memory (MB): peak = 2340.559 ; gain = 0.000
endgroup
set_property PROBES.FILE {} [get_hw_devices xc7k325t_0]
set_property FULL_PROBES.FILE {} [get_hw_devices xc7k325t_0]
set_property PROGRAM.FILE {E:/PXIE_325T_pin/DDR1600/k7325t_ddr3_1600_golden.runs/impl_325T_900/k7325t_ddr3_1600_golden.bit} [get_hw_devices xc7k325t_0]
program_hw_devices [get_hw_devices xc7k325t_0]
INFO: [Labtools 27-3164] End of startup status: HIGH
refresh_hw_device [lindex [get_hw_devices xc7k325t_0] 0]
INFO: [Labtools 27-1434] Device xc7k325t (JTAG device index = 0) is programmed with a design that has no supported debug core(s) in it.
ERROR: [Labtoolstcl 44-513] HW Target shutdown. Closing target: localhost:3121/xilinx_tcf/Xilinx/DebugChannelA
INFO: [Labtoolstcl 44-466] Opening hw_target localhost:3121/xilinx_tcf/Xilinx/DebugChannelA
INFO: [Labtools 27-1435] Device xc7k325t (JTAG device index = 0) is not programmed (DONE status = 0).
WARNING: [Labtoolstcl 44-129] No matching hw_ila_data was found.
set_property PROBES.FILE {} [get_hw_devices xc7k325t_0]
set_property FULL_PROBES.FILE {} [get_hw_devices xc7k325t_0]
set_property PROGRAM.FILE {E:/PXIE_325T_pin/DDR1600/k7325t_ddr3_1600_golden.runs/impl_325T_900/k7325t_ddr3_1600_golden.bit} [get_hw_devices xc7k325t_0]
program_hw_devices [get_hw_devices xc7k325t_0]
INFO: [Labtools 27-3164] End of startup status: HIGH
refresh_hw_device [lindex [get_hw_devices xc7k325t_0] 0]
INFO: [Labtools 27-1434] Device xc7k325t (JTAG device index = 0) is programmed with a design that has no supported debug core(s) in it.
set_property PROGRAM.ADDRESS_RANGE  {use_file} [ get_property PROGRAM.HW_CFGMEM [lindex [get_hw_devices xc7k325t_0] 0]]
set_property PROGRAM.FILES [list "E:/PXIE_325T_pin/led_x8/PXIE_led_x8.mcs" ] [ get_property PROGRAM.HW_CFGMEM [lindex [get_hw_devices xc7k325t_0] 0]]
set_property PROGRAM.PRM_FILE {E:/PXIE_325T_pin/led_x8/PXIE_led_x8.prm} [ get_property PROGRAM.HW_CFGMEM [lindex [get_hw_devices xc7k325t_0] 0]]
set_property PROGRAM.UNUSED_PIN_TERMINATION {pull-none} [ get_property PROGRAM.HW_CFGMEM [lindex [get_hw_devices xc7k325t_0] 0]]
set_property PROGRAM.BLANK_CHECK  0 [ get_property PROGRAM.HW_CFGMEM [lindex [get_hw_devices xc7k325t_0] 0]]
set_property PROGRAM.ERASE  1 [ get_property PROGRAM.HW_CFGMEM [lindex [get_hw_devices xc7k325t_0] 0]]
set_property PROGRAM.CFG_PROGRAM  1 [ get_property PROGRAM.HW_CFGMEM [lindex [get_hw_devices xc7k325t_0] 0]]
set_property PROGRAM.VERIFY  1 [ get_property PROGRAM.HW_CFGMEM [lindex [get_hw_devices xc7k325t_0] 0]]
set_property PROGRAM.CHECKSUM  0 [ get_property PROGRAM.HW_CFGMEM [lindex [get_hw_devices xc7k325t_0] 0]]
startgroup 
create_hw_bitstream -hw_device [lindex [get_hw_devices xc7k325t_0] 0] [get_property PROGRAM.HW_CFGMEM_BITFILE [ lindex [get_hw_devices xc7k325t_0] 0]]; program_hw_devices [lindex [get_hw_devices xc7k325t_0] 0]; refresh_hw_device [lindex [get_hw_devices xc7k325t_0] 0];
INFO: [Labtools 27-3164] End of startup status: HIGH
INFO: [Labtools 27-2302] Device xc7k325t (JTAG device index = 0) is programmed with a design that has 1 SPI core(s).
program_hw_cfgmem -hw_cfgmem [ get_property PROGRAM.HW_CFGMEM [lindex [get_hw_devices xc7k325t_0] 0]]
Mfg ID : 1   Memory Type : 2   Memory Capacity : 19   Device ID 1 : 0   Device ID 2 : 0
Performing Erase Operation...
Erase Operation successful.
Performing Program and Verify Operations...
Program/Verify Operation successful.
INFO: [Labtoolstcl 44-377] Flash programming completed successfully
program_hw_cfgmem: Time (s): cpu = 00:00:01 ; elapsed = 00:00:28 . Memory (MB): peak = 2341.031 ; gain = 0.000
endgroup
set_property PROBES.FILE {} [get_hw_devices xc7k325t_0]
set_property FULL_PROBES.FILE {} [get_hw_devices xc7k325t_0]
set_property PROGRAM.FILE {E:/PXIE_325T_pin/DDR1600/k7325t_ddr3_1600_golden.runs/impl_325T_900/k7325t_ddr3_1600_golden.bit} [get_hw_devices xc7k325t_0]
program_hw_devices [get_hw_devices xc7k325t_0]
INFO: [Labtools 27-3164] End of startup status: HIGH
refresh_hw_device [lindex [get_hw_devices xc7k325t_0] 0]
INFO: [Labtools 27-1434] Device xc7k325t (JTAG device index = 0) is programmed with a design that has no supported debug core(s) in it.
ERROR: [Labtoolstcl 44-513] HW Target shutdown. Closing target: localhost:3121/xilinx_tcf/Xilinx/DebugChannelA
INFO: [Labtoolstcl 44-466] Opening hw_target localhost:3121/xilinx_tcf/Xilinx/DebugChannelA
INFO: [Labtools 27-1435] Device xc7k325t (JTAG device index = 0) is not programmed (DONE status = 0).
WARNING: [Labtoolstcl 44-129] No matching hw_ila_data was found.
set_property PROBES.FILE {} [get_hw_devices xc7k325t_0]
set_property FULL_PROBES.FILE {} [get_hw_devices xc7k325t_0]
set_property PROGRAM.FILE {E:/PXIE_325T_pin/DDR1600/k7325t_ddr3_1600_golden.runs/impl_325T_900/k7325t_ddr3_1600_golden.bit} [get_hw_devices xc7k325t_0]
program_hw_devices [get_hw_devices xc7k325t_0]
INFO: [Labtools 27-3164] End of startup status: HIGH
refresh_hw_device [lindex [get_hw_devices xc7k325t_0] 0]
INFO: [Labtools 27-1434] Device xc7k325t (JTAG device index = 0) is programmed with a design that has no supported debug core(s) in it.
set_property PROGRAM.ADDRESS_RANGE  {use_file} [ get_property PROGRAM.HW_CFGMEM [lindex [get_hw_devices xc7k325t_0] 0]]
set_property PROGRAM.FILES [list "E:/PXIE_325T_pin/led_x8/PXIE_led_x8.mcs" ] [ get_property PROGRAM.HW_CFGMEM [lindex [get_hw_devices xc7k325t_0] 0]]
set_property PROGRAM.PRM_FILE {E:/PXIE_325T_pin/led_x8/PXIE_led_x8.prm} [ get_property PROGRAM.HW_CFGMEM [lindex [get_hw_devices xc7k325t_0] 0]]
set_property PROGRAM.UNUSED_PIN_TERMINATION {pull-none} [ get_property PROGRAM.HW_CFGMEM [lindex [get_hw_devices xc7k325t_0] 0]]
set_property PROGRAM.BLANK_CHECK  0 [ get_property PROGRAM.HW_CFGMEM [lindex [get_hw_devices xc7k325t_0] 0]]
set_property PROGRAM.ERASE  1 [ get_property PROGRAM.HW_CFGMEM [lindex [get_hw_devices xc7k325t_0] 0]]
set_property PROGRAM.CFG_PROGRAM  1 [ get_property PROGRAM.HW_CFGMEM [lindex [get_hw_devices xc7k325t_0] 0]]
set_property PROGRAM.VERIFY  1 [ get_property PROGRAM.HW_CFGMEM [lindex [get_hw_devices xc7k325t_0] 0]]
set_property PROGRAM.CHECKSUM  0 [ get_property PROGRAM.HW_CFGMEM [lindex [get_hw_devices xc7k325t_0] 0]]
startgroup 
create_hw_bitstream -hw_device [lindex [get_hw_devices xc7k325t_0] 0] [get_property PROGRAM.HW_CFGMEM_BITFILE [ lindex [get_hw_devices xc7k325t_0] 0]]; program_hw_devices [lindex [get_hw_devices xc7k325t_0] 0]; refresh_hw_device [lindex [get_hw_devices xc7k325t_0] 0];
INFO: [Labtools 27-3164] End of startup status: HIGH
INFO: [Labtools 27-2302] Device xc7k325t (JTAG device index = 0) is programmed with a design that has 1 SPI core(s).
program_hw_cfgmem -hw_cfgmem [ get_property PROGRAM.HW_CFGMEM [lindex [get_hw_devices xc7k325t_0] 0]]
Mfg ID : 1   Memory Type : 2   Memory Capacity : 19   Device ID 1 : 0   Device ID 2 : 0
Performing Erase Operation...
Erase Operation successful.
Performing Program and Verify Operations...
Program/Verify Operation successful.
INFO: [Labtoolstcl 44-377] Flash programming completed successfully
program_hw_cfgmem: Time (s): cpu = 00:00:02 ; elapsed = 00:00:28 . Memory (MB): peak = 2342.926 ; gain = 0.000
endgroup
set_property PROBES.FILE {} [get_hw_devices xc7k325t_0]
set_property FULL_PROBES.FILE {} [get_hw_devices xc7k325t_0]
set_property PROGRAM.FILE {E:/PXIE_325T_pin/DDR1600/k7325t_ddr3_1600_golden.runs/impl_325T_900/k7325t_ddr3_1600_golden.bit} [get_hw_devices xc7k325t_0]
program_hw_devices [get_hw_devices xc7k325t_0]
INFO: [Labtools 27-3164] End of startup status: HIGH
refresh_hw_device [lindex [get_hw_devices xc7k325t_0] 0]
INFO: [Labtools 27-1434] Device xc7k325t (JTAG device index = 0) is programmed with a design that has no supported debug core(s) in it.
ERROR: [Labtoolstcl 44-513] HW Target shutdown. Closing target: localhost:3121/xilinx_tcf/Xilinx/DebugChannelA
INFO: [Labtoolstcl 44-466] Opening hw_target localhost:3121/xilinx_tcf/Xilinx/DebugChannelA
INFO: [Labtools 27-1435] Device xc7k325t (JTAG device index = 0) is not programmed (DONE status = 0).
WARNING: [Labtoolstcl 44-129] No matching hw_ila_data was found.
set_property PROBES.FILE {} [get_hw_devices xc7k325t_0]
set_property FULL_PROBES.FILE {} [get_hw_devices xc7k325t_0]
set_property PROGRAM.FILE {E:/PXIE_325T_pin/DDR1600/k7325t_ddr3_1600_golden.runs/impl_325T_900/k7325t_ddr3_1600_golden.bit} [get_hw_devices xc7k325t_0]
program_hw_devices [get_hw_devices xc7k325t_0]
INFO: [Labtools 27-3164] End of startup status: HIGH
refresh_hw_device [lindex [get_hw_devices xc7k325t_0] 0]
INFO: [Labtools 27-1434] Device xc7k325t (JTAG device index = 0) is programmed with a design that has no supported debug core(s) in it.
set_property PROGRAM.ADDRESS_RANGE  {use_file} [ get_property PROGRAM.HW_CFGMEM [lindex [get_hw_devices xc7k325t_0] 0]]
set_property PROGRAM.FILES [list "E:/PXIE_325T_pin/led_x8/PXIE_led_x8.mcs" ] [ get_property PROGRAM.HW_CFGMEM [lindex [get_hw_devices xc7k325t_0] 0]]
set_property PROGRAM.PRM_FILE {E:/PXIE_325T_pin/led_x8/PXIE_led_x8.prm} [ get_property PROGRAM.HW_CFGMEM [lindex [get_hw_devices xc7k325t_0] 0]]
set_property PROGRAM.UNUSED_PIN_TERMINATION {pull-none} [ get_property PROGRAM.HW_CFGMEM [lindex [get_hw_devices xc7k325t_0] 0]]
set_property PROGRAM.BLANK_CHECK  0 [ get_property PROGRAM.HW_CFGMEM [lindex [get_hw_devices xc7k325t_0] 0]]
set_property PROGRAM.ERASE  1 [ get_property PROGRAM.HW_CFGMEM [lindex [get_hw_devices xc7k325t_0] 0]]
set_property PROGRAM.CFG_PROGRAM  1 [ get_property PROGRAM.HW_CFGMEM [lindex [get_hw_devices xc7k325t_0] 0]]
set_property PROGRAM.VERIFY  1 [ get_property PROGRAM.HW_CFGMEM [lindex [get_hw_devices xc7k325t_0] 0]]
set_property PROGRAM.CHECKSUM  0 [ get_property PROGRAM.HW_CFGMEM [lindex [get_hw_devices xc7k325t_0] 0]]
startgroup 
create_hw_bitstream -hw_device [lindex [get_hw_devices xc7k325t_0] 0] [get_property PROGRAM.HW_CFGMEM_BITFILE [ lindex [get_hw_devices xc7k325t_0] 0]]; program_hw_devices [lindex [get_hw_devices xc7k325t_0] 0]; refresh_hw_device [lindex [get_hw_devices xc7k325t_0] 0];
INFO: [Labtools 27-3164] End of startup status: HIGH
INFO: [Labtools 27-2302] Device xc7k325t (JTAG device index = 0) is programmed with a design that has 1 SPI core(s).
program_hw_cfgmem -hw_cfgmem [ get_property PROGRAM.HW_CFGMEM [lindex [get_hw_devices xc7k325t_0] 0]]
Mfg ID : 1   Memory Type : 2   Memory Capacity : 19   Device ID 1 : 0   Device ID 2 : 0
Performing Erase Operation...
Erase Operation successful.
Performing Program and Verify Operations...
Program/Verify Operation successful.
INFO: [Labtoolstcl 44-377] Flash programming completed successfully
program_hw_cfgmem: Time (s): cpu = 00:00:02 ; elapsed = 00:00:28 . Memory (MB): peak = 2343.141 ; gain = 0.000
endgroup
ERROR: [Labtoolstcl 44-513] HW Target shutdown. Closing target: localhost:3121/xilinx_tcf/Xilinx/DebugChannelA
INFO: [Labtoolstcl 44-466] Opening hw_target localhost:3121/xilinx_tcf/Xilinx/DebugChannelA
INFO: [Labtools 27-1434] Device xc7k325t (JTAG device index = 0) is programmed with a design that has no supported debug core(s) in it.
WARNING: [Labtoolstcl 44-129] No matching hw_ila_data was found.
set_property PROBES.FILE {} [get_hw_devices xc7k325t_0]
set_property FULL_PROBES.FILE {} [get_hw_devices xc7k325t_0]
set_property PROGRAM.FILE {E:/PXIE_325T_pin/DDR1600/k7325t_ddr3_1600_golden.runs/impl_325T_900/k7325t_ddr3_1600_golden.bit} [get_hw_devices xc7k325t_0]
program_hw_devices [get_hw_devices xc7k325t_0]
INFO: [Labtools 27-3164] End of startup status: HIGH
refresh_hw_device [lindex [get_hw_devices xc7k325t_0] 0]
INFO: [Labtools 27-1434] Device xc7k325t (JTAG device index = 0) is programmed with a design that has no supported debug core(s) in it.
set_property PROBES.FILE {} [get_hw_devices xc7k325t_0]
set_property FULL_PROBES.FILE {} [get_hw_devices xc7k325t_0]
set_property PROGRAM.FILE {E:/PXIE_325T_pin/DDR1600/k7325t_ddr3_1600_golden.runs/impl_325T_900/k7325t_ddr3_1600_golden.bit} [get_hw_devices xc7k325t_0]
program_hw_devices [get_hw_devices xc7k325t_0]
INFO: [Labtools 27-3164] End of startup status: HIGH
refresh_hw_device [lindex [get_hw_devices xc7k325t_0] 0]
INFO: [Labtools 27-1434] Device xc7k325t (JTAG device index = 0) is programmed with a design that has no supported debug core(s) in it.
set_property PROBES.FILE {} [get_hw_devices xc7k325t_0]
set_property FULL_PROBES.FILE {} [get_hw_devices xc7k325t_0]
set_property PROGRAM.FILE {E:/PXIE_325T_pin/DDR1600/k7325t_ddr3_1600_golden.runs/impl_325T_900/k7325t_ddr3_1600_golden.bit} [get_hw_devices xc7k325t_0]
program_hw_devices [get_hw_devices xc7k325t_0]
INFO: [Labtools 27-3164] End of startup status: HIGH
refresh_hw_device [lindex [get_hw_devices xc7k325t_0] 0]
INFO: [Labtools 27-1434] Device xc7k325t (JTAG device index = 0) is programmed with a design that has no supported debug core(s) in it.
set_property PROBES.FILE {} [get_hw_devices xc7k325t_0]
set_property FULL_PROBES.FILE {} [get_hw_devices xc7k325t_0]
set_property PROGRAM.FILE {E:/PXIE_325T_pin/DDR1600/k7325t_ddr3_1600_golden.runs/impl_325T_900/k7325t_ddr3_1600_golden.bit} [get_hw_devices xc7k325t_0]
program_hw_devices [get_hw_devices xc7k325t_0]
INFO: [Labtools 27-3164] End of startup status: HIGH
refresh_hw_device [lindex [get_hw_devices xc7k325t_0] 0]
INFO: [Labtools 27-1434] Device xc7k325t (JTAG device index = 0) is programmed with a design that has no supported debug core(s) in it.
ERROR: [Labtoolstcl 44-513] HW Target shutdown. Closing target: localhost:3121/xilinx_tcf/Xilinx/DebugChannelA
exit
INFO: [Common 17-206] Exiting Vivado at Thu Mar 23 20:05:06 2023...
