#-----------------------------------------------------------
# Vivado v2019.1 (64-bit)
# SW Build 2552052 on Fri May 24 14:49:42 MDT 2019
# IP Build 2548770 on Fri May 24 18:01:18 MDT 2019
# Start of session at: Fri Sep 11 07:09:35 2020
# Process ID: 5336
# Current directory: F:/K325667/kintex7_2020_dev_board-master/kintex7_2020_dev_board-master/k7325t_ddr3_1066_golden/k7325t_ddr3_1066_golden
# Command line: vivado.exe -gui_launcher_event rodinguilauncherevent11608 F:\K325667\kintex7_2020_dev_board-master\kintex7_2020_dev_board-master\k7325t_ddr3_1066_golden\k7325t_ddr3_1066_golden\k7325t_ddr3_1066_golden.xpr
# Log file: F:/K325667/kintex7_2020_dev_board-master/kintex7_2020_dev_board-master/k7325t_ddr3_1066_golden/k7325t_ddr3_1066_golden/vivado.log
# Journal file: F:/K325667/kintex7_2020_dev_board-master/kintex7_2020_dev_board-master/k7325t_ddr3_1066_golden/k7325t_ddr3_1066_golden\vivado.jou
#-----------------------------------------------------------
start_gui
open_project F:/K325667/kintex7_2020_dev_board-master/kintex7_2020_dev_board-master/k7325t_ddr3_1066_golden/k7325t_ddr3_1066_golden/k7325t_ddr3_1066_golden.xpr
INFO: [ProjectBase 1-489] The host OS only allows 260 characters in a normal path. The project is stored in a path with more than 80 characters. If you experience issues with IP, Block Designs, or files not being found, please consider moving the project to a location with a shorter path. Alternately consider using the OS subst command to map part of the path to a drive letter.
Current project path is 'F:/K325667/kintex7_2020_dev_board-master/kintex7_2020_dev_board-master/k7325t_ddr3_1066_golden/k7325t_ddr3_1066_golden'
INFO: [Project 1-313] Project file moved from 'C:/Users/briansuneZ/AppData/Roaming/Xilinx/Vivado/.Xil/Vivado-14304-DESKTOP-4UKJC18/PrjAr/_X_' since last save.
Scanning sources...
Finished scanning sources
INFO: [IP_Flow 19-234] Refreshing IP repositories
INFO: [IP_Flow 19-1704] No user IP repositories specified
INFO: [IP_Flow 19-2313] Loaded Vivado IP repository 'D:/2019/Vivado/2019.1/data/ip'.
WARNING: [IP_Flow 19-2162] IP 'ddr' is locked:
* IP definition 'Memory Interface Generator (MIG 7 Series) (4.1)' for IP 'ddr' (customized with software release 2018.2) has a newer minor version in the IP Catalog.
open_project: Time (s): cpu = 00:00:24 ; elapsed = 00:00:16 . Memory (MB): peak = 844.590 ; gain = 162.992
report_ip_status -name ip_status 
update_compile_order -fileset sources_1
upgrade_ip -srcset ddr -vlnv xilinx.com:ip:mig_7series:4.2 [get_ips  ddr] -log ip_upgrade.log
Upgrading 'ddr'
INFO: [Project 1-386] Moving file 'F:/K325667/kintex7_2020_dev_board-master/kintex7_2020_dev_board-master/k7325t_ddr3_1066_golden/k7325t_ddr3_1066_golden/k7325t_ddr3_1066_golden.srcs/sources_1/ip/ddr/ddr.xci' from fileset 'ddr' to fileset 'sources_1'.
INFO: [IP_Flow 19-1972] Upgraded ddr from Memory Interface Generator (MIG 7 Series) 4.1 to Memory Interface Generator (MIG 7 Series) 4.2
INFO: [IP_Flow 19-1686] Generating 'Instantiation Template' target for IP 'ddr'...
INFO: [Coretcl 2-1525] Wrote upgrade log to 'F:/K325667/kintex7_2020_dev_board-master/kintex7_2020_dev_board-master/k7325t_ddr3_1066_golden/k7325t_ddr3_1066_golden/ip_upgrade.log'.
upgrade_ip: Time (s): cpu = 00:00:45 ; elapsed = 00:00:46 . Memory (MB): peak = 1144.066 ; gain = 298.867
export_ip_user_files -of_objects [get_ips ddr] -no_script -sync -force -quiet
update_compile_order -fileset sources_1
exit
INFO: [Common 17-206] Exiting Vivado at Fri Sep 11 07:12:28 2020...
