#-----------------------------------------------------------
# Vivado v2019.1 (64-bit)
# SW Build 2552052 on Fri May 24 14:49:42 MDT 2019
# IP Build 2548770 on Fri May 24 18:01:18 MDT 2019
# Start of session at: Fri Jul 10 08:42:18 2020
# Process ID: 1584
# Current directory: F:/K325667/PCIe_DMA_V2_5031_spix4_ok/PCIe_DMA_V2_5031_spix4_ok
# Command line: vivado.exe -gui_launcher_event rodinguilauncherevent2412 F:\K325667\PCIe_DMA_V2_5031_spix4_ok\PCIe_DMA_V2_5031_spix4_ok\PCIE_DMA_Demo.xpr
# Log file: F:/K325667/PCIe_DMA_V2_5031_spix4_ok/PCIe_DMA_V2_5031_spix4_ok/vivado.log
# Journal file: F:/K325667/PCIe_DMA_V2_5031_spix4_ok/PCIe_DMA_V2_5031_spix4_ok\vivado.jou
#-----------------------------------------------------------
start_gui
open_project F:/K325667/PCIe_DMA_V2_5031_spix4_ok/PCIe_DMA_V2_5031_spix4_ok/PCIE_DMA_Demo.xpr
Scanning sources...
Finished scanning sources
INFO: [IP_Flow 19-234] Refreshing IP repositories
INFO: [IP_Flow 19-1704] No user IP repositories specified
INFO: [IP_Flow 19-2313] Loaded Vivado IP repository 'H:/vivado2019/Vivado/2019.1/data/ip'.
open_project: Time (s): cpu = 00:00:21 ; elapsed = 00:00:08 . Memory (MB): peak = 888.355 ; gain = 115.863
update_compile_order -fileset sources_1
reset_run synth_1
launch_runs impl_1 -to_step write_bitstream -jobs 32
[Fri Jul 10 08:45:32 2020] Launched synth_1...
Run output will be captured here: F:/K325667/PCIe_DMA_V2_5031_spix4_ok/PCIe_DMA_V2_5031_spix4_ok/PCIE_DMA_Demo.runs/synth_1/runme.log
[Fri Jul 10 08:45:32 2020] Launched impl_1...
Run output will be captured here: F:/K325667/PCIe_DMA_V2_5031_spix4_ok/PCIe_DMA_V2_5031_spix4_ok/PCIE_DMA_Demo.runs/impl_1/runme.log
open_run impl_1
INFO: [Device 21-403] Loading part xc7k325tffg676-2
INFO: [Netlist 29-17] Analyzing 504 Unisim elements for replacement
INFO: [Netlist 29-28] Unisim Transformation completed in 0 CPU seconds
INFO: [Project 1-479] Netlist was created with Vivado 2019.1
INFO: [Project 1-570] Preparing netlist for logic optimization
INFO: [Timing 38-478] Restoring timing data from binary archive.
INFO: [Timing 38-479] Binary timing data restore complete.
INFO: [Project 1-856] Restoring constraints from binary archive.
INFO: [Project 1-853] Binary constraint restore complete.
Reading XDEF placement.
Reading placer database...
Reading XDEF routing.
Read XDEF File: Time (s): cpu = 00:00:02 ; elapsed = 00:00:02 . Memory (MB): peak = 2009.328 ; gain = 0.000
Restored from archive | CPU: 2.000000 secs | Memory: 0.000000 MB |
Finished XDEF File Restore: Time (s): cpu = 00:00:02 ; elapsed = 00:00:02 . Memory (MB): peak = 2009.328 ; gain = 0.000
Netlist sorting complete. Time (s): cpu = 00:00:00 ; elapsed = 00:00:00.005 . Memory (MB): peak = 2009.328 ; gain = 0.000
INFO: [Project 1-111] Unisim Transformation Summary:
  A total of 31 instances were transformed.
  RAM32M => RAM32M (RAMD32, RAMD32, RAMD32, RAMD32, RAMD32, RAMD32, RAMS32, RAMS32): 31 instances

open_run: Time (s): cpu = 00:00:54 ; elapsed = 00:00:38 . Memory (MB): peak = 2236.301 ; gain = 1261.250
open_report: Time (s): cpu = 00:00:22 ; elapsed = 00:00:11 . Memory (MB): peak = 2317.359 ; gain = 72.828
exit
INFO: [Common 17-206] Exiting Vivado at Fri Jul 10 08:56:58 2020...
