Copyright 1986-2019 Xilinx, Inc. All Rights Reserved.
------------------------------------------------------------------------------------
| Tool Version : Vivado v.2019.1 (win64) Build 2552052 Fri May 24 14:49:42 MDT 2019
| Date         : Wed Jan 11 19:53:32 2023
| Host         : LYC running 64-bit major release  (build 9200)
| Command      : upgrade_ip
| Device       : xc7k325tffg676-2
------------------------------------------------------------------------------------

Upgrade Log for IP 'video_pll'

1. Summary
----------

SUCCESS in the conversion of video_pll (xilinx.com:ip:clk_wiz:6.0 (Rev. 3)) to Vivado generation flows.






Copyright 1986-2019 Xilinx, Inc. All Rights Reserved.
------------------------------------------------------------------------------------
| Tool Version : Vivado v.2019.1 (win64) Build 2552052 Fri May 24 14:49:42 MDT 2019
| Date         : Wed Jan 11 19:50:19 2023
| Host         : LYC running 64-bit major release  (build 9200)
| Command      : upgrade_ip
| Device       : xc7k325tffg900-2
------------------------------------------------------------------------------------

Upgrade Log for IP 'video_pll'

1. Summary
----------

SUCCESS in the upgrade of video_pll from xilinx.com:ip:clk_wiz:5.4 (Rev. 3) to xilinx.com:ip:clk_wiz:6.0 (Rev. 3)

